This is pdfTeX, Version 3.14159265-2.6-1.40.16 (MiKTeX 2.9) (preloaded format=pdflatex 2016.1.17)  17 JAN 2016 10:37
entering extended mode
**./main.tex
(main.tex
LaTeX2e <2015/10/01> patch level 2
Babel <3.9m> and hyphenation patterns for 69 languages loaded.
(setup/preamble.tex
("C:\Users\Simon\AppData\Local\Programs\MiKTeX 2.9\tex\latex\beamer\base\beamer
.cls"
("C:\Users\Simon\AppData\Local\Programs\MiKTeX 2.9\tex\latex\beamer\base\beamer
basercs.sty"
Package: beamerbasercs 2015/03/08 (rcs-revision 368aa9ba9d38)
)
Document Class: beamer 2015/01/05 3.36 A class for typesetting presentations (r
cs-revision 8a39122e1f63)

("C:\Users\Simon\AppData\Local\Programs\MiKTeX 2.9\tex\latex\beamer\base\beamer
basemodes.sty"
Package: beamerbasemodes 2013/09/03 (rcs-revision 768f2d98ca64)
\beamer@tempbox=\box26
\beamer@tempcount=\count79
\c@beamerpauses=\count80

("C:\Users\Simon\AppData\Local\Programs\MiKTeX 2.9\tex\latex\beamer\base\beamer
basedecode.sty"
Package: beamerbasedecode 2010/05/01 (rcs-revision efa082c6111d)
\beamer@slideinframe=\count81
\beamer@minimum=\count82
)
\beamer@commentbox=\box27
\beamer@modecount=\count83
)
("C:\Users\Simon\AppData\Local\Programs\MiKTeX 2.9\tex\generic\oberdiek\ifpdf.s
ty"
Package: ifpdf 2011/01/30 v2.3 Provides the ifpdf switch (HO)
Package ifpdf Info: pdfTeX in PDF mode is detected.
)
\headheight=\dimen102
\headdp=\dimen103
\footheight=\dimen104
\sidebarheight=\dimen105
\beamer@tempdim=\dimen106
\beamer@finalheight=\dimen107
\beamer@animht=\dimen108
\beamer@animdp=\dimen109
\beamer@animwd=\dimen110
\beamer@leftmargin=\dimen111
\beamer@rightmargin=\dimen112
\beamer@leftsidebar=\dimen113
\beamer@rightsidebar=\dimen114
\beamer@boxsize=\dimen115
\beamer@vboxoffset=\dimen116
\beamer@descdefault=\dimen117
\beamer@descriptionwidth=\dimen118
\beamer@lastskip=\skip41
\beamer@areabox=\box28
\beamer@animcurrent=\box29
\beamer@animshowbox=\box30
\beamer@sectionbox=\box31
\beamer@logobox=\box32
\beamer@linebox=\box33
\beamer@sectioncount=\count84
\beamer@subsubsectionmax=\count85
\beamer@subsectionmax=\count86
\beamer@sectionmax=\count87
\beamer@totalheads=\count88
\beamer@headcounter=\count89
\beamer@partstartpage=\count90
\beamer@sectionstartpage=\count91
\beamer@subsectionstartpage=\count92
\beamer@animationtempa=\count93
\beamer@animationtempb=\count94
\beamer@xpos=\count95
\beamer@ypos=\count96
\beamer@showpartnumber=\count97
\beamer@currentsubsection=\count98
\beamer@coveringdepth=\count99
\beamer@sectionadjust=\count100
\beamer@tocsectionnumber=\count101

("C:\Users\Simon\AppData\Local\Programs\MiKTeX 2.9\tex\latex\beamer\base\beamer
baseoptions.sty"
Package: beamerbaseoptions 2013/03/10 (rcs-revision 47431932db0d)

("C:\Users\Simon\AppData\Local\Programs\MiKTeX 2.9\tex\latex\graphics\keyval.st
y"
Package: keyval 2014/10/28 v1.15 key=value parser (DPC)
\KV@toks@=\toks14
))
\beamer@paperwidth=\skip42
\beamer@paperheight=\skip43

("C:\Users\Simon\AppData\Local\Programs\MiKTeX 2.9\tex\latex\geometry\geometry.
sty"
Package: geometry 2010/09/12 v5.6 Page Geometry

("C:\Users\Simon\AppData\Local\Programs\MiKTeX 2.9\tex\generic\oberdiek\ifvtex.
sty"
Package: ifvtex 2010/03/01 v1.5 Detect VTeX and its facilities (HO)
Package ifvtex Info: VTeX not detected.
)
("C:\Users\Simon\AppData\Local\Programs\MiKTeX 2.9\tex\generic\ifxetex\ifxetex.
sty"
Package: ifxetex 2010/09/12 v0.6 Provides ifxetex conditional
)
\Gm@cnth=\count102
\Gm@cntv=\count103
\c@Gm@tempcnt=\count104
\Gm@bindingoffset=\dimen119
\Gm@wd@mp=\dimen120
\Gm@odd@mp=\dimen121
\Gm@even@mp=\dimen122
\Gm@layoutwidth=\dimen123
\Gm@layoutheight=\dimen124
\Gm@layouthoffset=\dimen125
\Gm@layoutvoffset=\dimen126
\Gm@dimlist=\toks15

("C:\Users\Simon\AppData\Local\Programs\MiKTeX 2.9\tex\latex\geometry\geometry.
cfg"))
("C:\Users\Simon\AppData\Local\Programs\MiKTeX 2.9\tex\latex\base\size10.clo"
File: size10.clo 2014/09/29 v1.4h Standard LaTeX file (size option)
)
("C:\Users\Simon\AppData\Local\Programs\MiKTeX 2.9\tex\latex\pgf\basiclayer\pgf
core.sty"
("C:\Users\Simon\AppData\Local\Programs\MiKTeX 2.9\tex\latex\graphics\graphicx.
sty"
Package: graphicx 2014/10/28 v1.0g Enhanced LaTeX Graphics (DPC,SPQR)

("C:\Users\Simon\AppData\Local\Programs\MiKTeX 2.9\tex\latex\graphics\graphics.
sty"
Package: graphics 2014/10/28 v1.0p Standard LaTeX Graphics (DPC,SPQR)

("C:\Users\Simon\AppData\Local\Programs\MiKTeX 2.9\tex\latex\graphics\trig.sty"
Package: trig 1999/03/16 v1.09 sin cos tan (DPC)
)
("C:\Users\Simon\AppData\Local\Programs\MiKTeX 2.9\tex\latex\00miktex\graphics.
cfg"
File: graphics.cfg 2007/01/18 v1.5 graphics configuration of teTeX/TeXLive
)
Package graphics Info: Driver file: pdftex.def on input line 94.

("C:\Users\Simon\AppData\Local\Programs\MiKTeX 2.9\tex\latex\pdftex-def\pdftex.
def"
File: pdftex.def 2011/05/27 v0.06d Graphics/color for pdfTeX

("C:\Users\Simon\AppData\Local\Programs\MiKTeX 2.9\tex\generic\oberdiek\infware
rr.sty"
Package: infwarerr 2010/04/08 v1.3 Providing info/warning/error messages (HO)
)
("C:\Users\Simon\AppData\Local\Programs\MiKTeX 2.9\tex\generic\oberdiek\ltxcmds
.sty"
Package: ltxcmds 2011/11/09 v1.22 LaTeX kernel commands for general use (HO)
)
\Gread@gobject=\count105
))
\Gin@req@height=\dimen127
\Gin@req@width=\dimen128
)
("C:\Users\Simon\AppData\Local\Programs\MiKTeX 2.9\tex\latex\pgf\systemlayer\pg
fsys.sty"
("C:\Users\Simon\AppData\Local\Programs\MiKTeX 2.9\tex\latex\pgf\utilities\pgfr
cs.sty"
("C:\Users\Simon\AppData\Local\Programs\MiKTeX 2.9\tex\generic\pgf\utilities\pg
futil-common.tex"
\pgfutil@everybye=\toks16
\pgfutil@tempdima=\dimen129
\pgfutil@tempdimb=\dimen130

("C:\Users\Simon\AppData\Local\Programs\MiKTeX 2.9\tex\generic\pgf\utilities\pg
futil-common-lists.tex"))
("C:\Users\Simon\AppData\Local\Programs\MiKTeX 2.9\tex\generic\pgf\utilities\pg
futil-latex.def"
\pgfutil@abb=\box34

("C:\Users\Simon\AppData\Local\Programs\MiKTeX 2.9\tex\latex\ms\everyshi.sty"
Package: everyshi 2001/05/15 v3.00 EveryShipout Package (MS)
))
("C:\Users\Simon\AppData\Local\Programs\MiKTeX 2.9\tex\generic\pgf\utilities\pg
frcs.code.tex"
Package: pgfrcs 2015/08/07 v3.0.1a (rcs-revision 1.31)
))
("C:\Users\Simon\AppData\Local\Programs\MiKTeX 2.9\tex\generic\pgf\systemlayer\
pgfsys.code.tex"
Package: pgfsys 2014/07/09 v3.0.1a (rcs-revision 1.48)

("C:\Users\Simon\AppData\Local\Programs\MiKTeX 2.9\tex\generic\pgf\utilities\pg
fkeys.code.tex"
\pgfkeys@pathtoks=\toks17
\pgfkeys@temptoks=\toks18

("C:\Users\Simon\AppData\Local\Programs\MiKTeX 2.9\tex\generic\pgf\utilities\pg
fkeysfiltered.code.tex"
\pgfkeys@tmptoks=\toks19
))
\pgf@x=\dimen131
\pgf@y=\dimen132
\pgf@xa=\dimen133
\pgf@ya=\dimen134
\pgf@xb=\dimen135
\pgf@yb=\dimen136
\pgf@xc=\dimen137
\pgf@yc=\dimen138
\w@pgf@writea=\write3
\r@pgf@reada=\read1
\c@pgf@counta=\count106
\c@pgf@countb=\count107
\c@pgf@countc=\count108
\c@pgf@countd=\count109
\t@pgf@toka=\toks20
\t@pgf@tokb=\toks21
\t@pgf@tokc=\toks22

("C:\Users\Simon\AppData\Local\Programs\MiKTeX 2.9\tex\generic\pgf\systemlayer\
pgf.cfg"
File: pgf.cfg 2008/05/14  (rcs-revision 1.7)
)
Driver file for pgf: pgfsys-pdftex.def

("C:\Users\Simon\AppData\Local\Programs\MiKTeX 2.9\tex\generic\pgf\systemlayer\
pgfsys-pdftex.def"
File: pgfsys-pdftex.def 2014/10/11  (rcs-revision 1.35)

("C:\Users\Simon\AppData\Local\Programs\MiKTeX 2.9\tex\generic\pgf\systemlayer\
pgfsys-common-pdf.def"
File: pgfsys-common-pdf.def 2013/10/10  (rcs-revision 1.13)
)))
("C:\Users\Simon\AppData\Local\Programs\MiKTeX 2.9\tex\generic\pgf\systemlayer\
pgfsyssoftpath.code.tex"
File: pgfsyssoftpath.code.tex 2013/09/09  (rcs-revision 1.9)
\pgfsyssoftpath@smallbuffer@items=\count110
\pgfsyssoftpath@bigbuffer@items=\count111
)
("C:\Users\Simon\AppData\Local\Programs\MiKTeX 2.9\tex\generic\pgf\systemlayer\
pgfsysprotocol.code.tex"
File: pgfsysprotocol.code.tex 2006/10/16  (rcs-revision 1.4)
))
("C:\Users\Simon\AppData\Local\Programs\MiKTeX 2.9\tex\latex\xcolor\xcolor.sty"
Package: xcolor 2007/01/21 v2.11 LaTeX color extensions (UK)
("C:\Users\Simon\AppData\Local\Programs\MiKTeX 2.9\tex\latex\00miktex\color.cfg
"
File: color.cfg 2007/01/18 v1.5 color configuration of teTeX/TeXLive
)
Package xcolor Info: Driver file: pdftex.def on input line 225.
Package xcolor Info: Model `cmy' substituted by `cmy0' on input line 1337.
Package xcolor Info: Model `hsb' substituted by `rgb' on input line 1341.
Package xcolor Info: Model `RGB' extended on input line 1353.
Package xcolor Info: Model `HTML' substituted by `rgb' on input line 1355.
Package xcolor Info: Model `Hsb' substituted by `hsb' on input line 1356.
Package xcolor Info: Model `tHsb' substituted by `hsb' on input line 1357.
Package xcolor Info: Model `HSB' substituted by `hsb' on input line 1358.
Package xcolor Info: Model `Gray' substituted by `gray' on input line 1359.
Package xcolor Info: Model `wave' substituted by `hsb' on input line 1360.
)
("C:\Users\Simon\AppData\Local\Programs\MiKTeX 2.9\tex\generic\pgf\basiclayer\p
gfcore.code.tex"
Package: pgfcore 2010/04/11 v3.0.1a (rcs-revision 1.7)

("C:\Users\Simon\AppData\Local\Programs\MiKTeX 2.9\tex\generic\pgf\math\pgfmath
.code.tex"
("C:\Users\Simon\AppData\Local\Programs\MiKTeX 2.9\tex\generic\pgf\math\pgfmath
calc.code.tex"
("C:\Users\Simon\AppData\Local\Programs\MiKTeX 2.9\tex\generic\pgf\math\pgfmath
util.code.tex")
("C:\Users\Simon\AppData\Local\Programs\MiKTeX 2.9\tex\generic\pgf\math\pgfmath
parser.code.tex"
\pgfmath@dimen=\dimen139
\pgfmath@count=\count112
\pgfmath@box=\box35
\pgfmath@toks=\toks23
\pgfmath@stack@operand=\toks24
\pgfmath@stack@operation=\toks25
)
("C:\Users\Simon\AppData\Local\Programs\MiKTeX 2.9\tex\generic\pgf\math\pgfmath
functions.code.tex"
("C:\Users\Simon\AppData\Local\Programs\MiKTeX 2.9\tex\generic\pgf\math\pgfmath
functions.basic.code.tex")
("C:\Users\Simon\AppData\Local\Programs\MiKTeX 2.9\tex\generic\pgf\math\pgfmath
functions.trigonometric.code.tex")
("C:\Users\Simon\AppData\Local\Programs\MiKTeX 2.9\tex\generic\pgf\math\pgfmath
functions.random.code.tex")
("C:\Users\Simon\AppData\Local\Programs\MiKTeX 2.9\tex\generic\pgf\math\pgfmath
functions.comparison.code.tex")
("C:\Users\Simon\AppData\Local\Programs\MiKTeX 2.9\tex\generic\pgf\math\pgfmath
functions.base.code.tex")
("C:\Users\Simon\AppData\Local\Programs\MiKTeX 2.9\tex\generic\pgf\math\pgfmath
functions.round.code.tex")
("C:\Users\Simon\AppData\Local\Programs\MiKTeX 2.9\tex\generic\pgf\math\pgfmath
functions.misc.code.tex")
("C:\Users\Simon\AppData\Local\Programs\MiKTeX 2.9\tex\generic\pgf\math\pgfmath
functions.integerarithmetics.code.tex")))
("C:\Users\Simon\AppData\Local\Programs\MiKTeX 2.9\tex\generic\pgf\math\pgfmath
float.code.tex"
\c@pgfmathroundto@lastzeros=\count113
))
("C:\Users\Simon\AppData\Local\Programs\MiKTeX 2.9\tex\generic\pgf\basiclayer\p
gfcorepoints.code.tex"
File: pgfcorepoints.code.tex 2013/10/07  (rcs-revision 1.27)
\pgf@picminx=\dimen140
\pgf@picmaxx=\dimen141
\pgf@picminy=\dimen142
\pgf@picmaxy=\dimen143
\pgf@pathminx=\dimen144
\pgf@pathmaxx=\dimen145
\pgf@pathminy=\dimen146
\pgf@pathmaxy=\dimen147
\pgf@xx=\dimen148
\pgf@xy=\dimen149
\pgf@yx=\dimen150
\pgf@yy=\dimen151
\pgf@zx=\dimen152
\pgf@zy=\dimen153
)
("C:\Users\Simon\AppData\Local\Programs\MiKTeX 2.9\tex\generic\pgf\basiclayer\p
gfcorepathconstruct.code.tex"
File: pgfcorepathconstruct.code.tex 2013/10/07  (rcs-revision 1.29)
\pgf@path@lastx=\dimen154
\pgf@path@lasty=\dimen155
)
("C:\Users\Simon\AppData\Local\Programs\MiKTeX 2.9\tex\generic\pgf\basiclayer\p
gfcorepathusage.code.tex"
File: pgfcorepathusage.code.tex 2014/11/02  (rcs-revision 1.24)
\pgf@shorten@end@additional=\dimen156
\pgf@shorten@start@additional=\dimen157
)
("C:\Users\Simon\AppData\Local\Programs\MiKTeX 2.9\tex\generic\pgf\basiclayer\p
gfcorescopes.code.tex"
File: pgfcorescopes.code.tex 2015/05/08  (rcs-revision 1.46)
\pgfpic=\box36
\pgf@hbox=\box37
\pgf@layerbox@main=\box38
\pgf@picture@serial@count=\count114
)
("C:\Users\Simon\AppData\Local\Programs\MiKTeX 2.9\tex\generic\pgf\basiclayer\p
gfcoregraphicstate.code.tex"
File: pgfcoregraphicstate.code.tex 2014/11/02  (rcs-revision 1.12)
\pgflinewidth=\dimen158
)
("C:\Users\Simon\AppData\Local\Programs\MiKTeX 2.9\tex\generic\pgf\basiclayer\p
gfcoretransformations.code.tex"
File: pgfcoretransformations.code.tex 2015/08/07  (rcs-revision 1.20)
\pgf@pt@x=\dimen159
\pgf@pt@y=\dimen160
\pgf@pt@temp=\dimen161
)
("C:\Users\Simon\AppData\Local\Programs\MiKTeX 2.9\tex\generic\pgf\basiclayer\p
gfcorequick.code.tex"
File: pgfcorequick.code.tex 2008/10/09  (rcs-revision 1.3)
)
("C:\Users\Simon\AppData\Local\Programs\MiKTeX 2.9\tex\generic\pgf\basiclayer\p
gfcoreobjects.code.tex"
File: pgfcoreobjects.code.tex 2006/10/11  (rcs-revision 1.2)
)
("C:\Users\Simon\AppData\Local\Programs\MiKTeX 2.9\tex\generic\pgf\basiclayer\p
gfcorepathprocessing.code.tex"
File: pgfcorepathprocessing.code.tex 2013/09/09  (rcs-revision 1.9)
)
("C:\Users\Simon\AppData\Local\Programs\MiKTeX 2.9\tex\generic\pgf\basiclayer\p
gfcorearrows.code.tex"
File: pgfcorearrows.code.tex 2015/05/14  (rcs-revision 1.43)
\pgfarrowsep=\dimen162
)
("C:\Users\Simon\AppData\Local\Programs\MiKTeX 2.9\tex\generic\pgf\basiclayer\p
gfcoreshade.code.tex"
File: pgfcoreshade.code.tex 2013/07/15  (rcs-revision 1.15)
\pgf@max=\dimen163
\pgf@sys@shading@range@num=\count115
)
("C:\Users\Simon\AppData\Local\Programs\MiKTeX 2.9\tex\generic\pgf\basiclayer\p
gfcoreimage.code.tex"
File: pgfcoreimage.code.tex 2013/07/15  (rcs-revision 1.18)

("C:\Users\Simon\AppData\Local\Programs\MiKTeX 2.9\tex\generic\pgf\basiclayer\p
gfcoreexternal.code.tex"
File: pgfcoreexternal.code.tex 2014/07/09  (rcs-revision 1.21)
\pgfexternal@startupbox=\box39
))
("C:\Users\Simon\AppData\Local\Programs\MiKTeX 2.9\tex\generic\pgf\basiclayer\p
gfcorelayers.code.tex"
File: pgfcorelayers.code.tex 2013/07/18  (rcs-revision 1.7)
)
("C:\Users\Simon\AppData\Local\Programs\MiKTeX 2.9\tex\generic\pgf\basiclayer\p
gfcoretransparency.code.tex"
File: pgfcoretransparency.code.tex 2013/09/30  (rcs-revision 1.5)
)
("C:\Users\Simon\AppData\Local\Programs\MiKTeX 2.9\tex\generic\pgf\basiclayer\p
gfcorepatterns.code.tex"
File: pgfcorepatterns.code.tex 2013/11/07  (rcs-revision 1.5)
)))
("C:\Users\Simon\AppData\Local\Programs\MiKTeX 2.9\tex\latex\pgf\utilities\xxco
lor.sty"
Package: xxcolor 2003/10/24 ver 0.1
\XC@nummixins=\count116
\XC@countmixins=\count117
)
("C:\Users\Simon\AppData\Local\Programs\MiKTeX 2.9\tex\generic\oberdiek\atbegsh
i.sty"
Package: atbegshi 2011/10/05 v1.16 At begin shipout hook (HO)
)
("C:\Users\Simon\AppData\Local\Programs\MiKTeX 2.9\tex\latex\hyperref\hyperref.
sty"
Package: hyperref 2012/11/06 v6.83m Hypertext links for LaTeX

("C:\Users\Simon\AppData\Local\Programs\MiKTeX 2.9\tex\generic\oberdiek\hobsub-
hyperref.sty"
Package: hobsub-hyperref 2012/04/25 v1.12 Bundle oberdiek, subset hyperref (HO)


("C:\Users\Simon\AppData\Local\Programs\MiKTeX 2.9\tex\generic\oberdiek\hobsub-
generic.sty"
Package: hobsub-generic 2012/04/25 v1.12 Bundle oberdiek, subset generic (HO)
Package: hobsub 2012/04/25 v1.12 Construct package bundles (HO)
Package hobsub Info: Skipping package `infwarerr' (already loaded).
Package hobsub Info: Skipping package `ltxcmds' (already loaded).
Package: ifluatex 2010/03/01 v1.3 Provides the ifluatex switch (HO)
Package ifluatex Info: LuaTeX not detected.
Package hobsub Info: Skipping package `ifvtex' (already loaded).
Package: intcalc 2007/09/27 v1.1 Expandable calculations with integers (HO)
Package hobsub Info: Skipping package `ifpdf' (already loaded).
Package: etexcmds 2011/02/16 v1.5 Avoid name clashes with e-TeX commands (HO)
Package etexcmds Info: Could not find \expanded.
(etexcmds)             That can mean that you are not using pdfTeX 1.50 or
(etexcmds)             that some package has redefined \expanded.
(etexcmds)             In the latter case, load this package earlier.
Package: kvsetkeys 2012/04/25 v1.16 Key value parser (HO)
Package: kvdefinekeys 2011/04/07 v1.3 Define keys (HO)
Package: pdftexcmds 2011/11/29 v0.20 Utility functions of pdfTeX for LuaTeX (HO
)
Package pdftexcmds Info: LuaTeX not detected.
Package pdftexcmds Info: \pdf@primitive is available.
Package pdftexcmds Info: \pdf@ifprimitive is available.
Package pdftexcmds Info: \pdfdraftmode found.
Package: pdfescape 2011/11/25 v1.13 Implements pdfTeX's escape features (HO)
Package: bigintcalc 2012/04/08 v1.3 Expandable calculations on big integers (HO
)
Package: bitset 2011/01/30 v1.1 Handle bit-vector datatype (HO)
Package: uniquecounter 2011/01/30 v1.2 Provide unlimited unique counter (HO)
)
Package hobsub Info: Skipping package `hobsub' (already loaded).
Package: letltxmacro 2010/09/02 v1.4 Let assignment for LaTeX macros (HO)
Package: hopatch 2011/06/24 v1.1 Wrapper for package hooks (HO)
Package: xcolor-patch 2011/01/30 xcolor patch
Package: atveryend 2011/06/30 v1.8 Hooks at the very end of document (HO)
Package atveryend Info: \enddocument detected (standard20110627).
Package hobsub Info: Skipping package `atbegshi' (already loaded).
Package: refcount 2011/10/16 v3.4 Data extraction from label references (HO)
Package: hycolor 2011/01/30 v1.7 Color options for hyperref/bookmark (HO)
)
("C:\Users\Simon\AppData\Local\Programs\MiKTeX 2.9\tex\latex\oberdiek\auxhook.s
ty"
Package: auxhook 2011/03/04 v1.3 Hooks for auxiliary files (HO)
)
("C:\Users\Simon\AppData\Local\Programs\MiKTeX 2.9\tex\latex\oberdiek\kvoptions
.sty"
Package: kvoptions 2011/06/30 v3.11 Key value format for package options (HO)
)
\@linkdim=\dimen164
\Hy@linkcounter=\count118
\Hy@pagecounter=\count119

("C:\Users\Simon\AppData\Local\Programs\MiKTeX 2.9\tex\latex\hyperref\pd1enc.de
f"
File: pd1enc.def 2012/11/06 v6.83m Hyperref: PDFDocEncoding definition (HO)
)
\Hy@SavedSpaceFactor=\count120

("C:\Users\Simon\AppData\Local\Programs\MiKTeX 2.9\tex\latex\00miktex\hyperref.
cfg"
File: hyperref.cfg 2002/06/06 v1.2 hyperref configuration of TeXLive
)
Package hyperref Info: Option `bookmarks' set `true' on input line 4319.
Package hyperref Info: Option `bookmarksopen' set `true' on input line 4319.
Package hyperref Info: Option `implicit' set `false' on input line 4319.
Package hyperref Info: Hyper figures OFF on input line 4443.
Package hyperref Info: Link nesting OFF on input line 4448.
Package hyperref Info: Hyper index ON on input line 4451.
Package hyperref Info: Plain pages OFF on input line 4458.
Package hyperref Info: Backreferencing OFF on input line 4463.
Package hyperref Info: Implicit mode OFF; no redefinition of LaTeX internals.
Package hyperref Info: Bookmarks ON on input line 4688.
\c@Hy@tempcnt=\count121
 ("C:\Users\Simon\AppData\Local\Programs\MiKTeX 2.9\tex\latex\url\url.sty"
\Urlmuskip=\muskip10
Package: url 2013/09/16  ver 3.4  Verb mode for urls, etc.
)
LaTeX Info: Redefining \url on input line 5041.
\XeTeXLinkMargin=\dimen165
\Fld@menulength=\count122
\Field@Width=\dimen166
\Fld@charsize=\dimen167
Package hyperref Info: Hyper figures OFF on input line 6295.
Package hyperref Info: Link nesting OFF on input line 6300.
Package hyperref Info: Hyper index ON on input line 6303.
Package hyperref Info: backreferencing OFF on input line 6310.
Package hyperref Info: Link coloring OFF on input line 6315.
Package hyperref Info: Link coloring with OCG OFF on input line 6320.
Package hyperref Info: PDF/A mode OFF on input line 6325.
LaTeX Info: Redefining \ref on input line 6365.
LaTeX Info: Redefining \pageref on input line 6369.
\Hy@abspage=\count123


Package hyperref Message: Stopped early.

)

Package hyperref Message: Driver (autodetected): hpdftex.


("C:\Users\Simon\AppData\Local\Programs\MiKTeX 2.9\tex\latex\hyperref\hpdftex.d
ef"
File: hpdftex.def 2012/11/06 v6.83m Hyperref driver for pdfTeX
\Fld@listcount=\count124
\c@bookmark@seq@number=\count125

("C:\Users\Simon\AppData\Local\Programs\MiKTeX 2.9\tex\latex\oberdiek\rerunfile
check.sty"
Package: rerunfilecheck 2011/04/15 v1.7 Rerun checks for auxiliary files (HO)
Package uniquecounter Info: New unique counter `rerunfilecheck' on input line 2
82.
))
("C:\Users\Simon\AppData\Local\Programs\MiKTeX 2.9\tex\latex\beamer\base\beamer
baserequires.sty"
Package: beamerbaserequires 2010/05/01  (rcs-revision efa082c6111d)

("C:\Users\Simon\AppData\Local\Programs\MiKTeX 2.9\tex\latex\beamer\base\beamer
basecompatibility.sty"
Package: beamerbasecompatibility 2012/05/01  (rcs-revision 67c48b3b652d)
)
("C:\Users\Simon\AppData\Local\Programs\MiKTeX 2.9\tex\latex\beamer\base\beamer
basefont.sty"
Package: beamerbasefont 2015/01/05  (rcs-revision b4b4bee242e2)

("C:\Users\Simon\AppData\Local\Programs\MiKTeX 2.9\tex\latex\amsfonts\amssymb.s
ty"
Package: amssymb 2013/01/14 v3.01 AMS font symbols

("C:\Users\Simon\AppData\Local\Programs\MiKTeX 2.9\tex\latex\amsfonts\amsfonts.
sty"
Package: amsfonts 2013/01/14 v3.01 Basic AMSFonts support
\@emptytoks=\toks26
\symAMSa=\mathgroup4
\symAMSb=\mathgroup5
LaTeX Font Info:    Overwriting math alphabet `\mathfrak' in version `bold'
(Font)                  U/euf/m/n --> U/euf/b/n on input line 106.
))
("C:\Users\Simon\AppData\Local\Programs\MiKTeX 2.9\tex\latex\sansmathaccent\san
smathaccent.sty"
Package: sansmathaccent 2013/03/28

("C:\Users\Simon\AppData\Local\Programs\MiKTeX 2.9\tex\latex\filehook\filehook.
sty"
Package: filehook 2011/10/12 v0.5d Hooks for input files
)))
("C:\Users\Simon\AppData\Local\Programs\MiKTeX 2.9\tex\latex\beamer\base\beamer
basetranslator.sty"
Package: beamerbasetranslator 2010/06/11  (rcs-revision 85fd1cc7fc42)

("C:\Users\Simon\AppData\Local\Programs\MiKTeX 2.9\tex\latex\beamer\base\transl
ator\translator.sty"
Package: translator 2010/06/12 ver 1.10

("C:\Users\Simon\AppData\Local\Programs\MiKTeX 2.9\tex\latex\beamer\base\transl
ator\translator-language-mappings.tex")))
("C:\Users\Simon\AppData\Local\Programs\MiKTeX 2.9\tex\latex\beamer\base\beamer
basemisc.sty"
Package: beamerbasemisc 2013/09/03  (rcs-revision a55719c41d85)
)
("C:\Users\Simon\AppData\Local\Programs\MiKTeX 2.9\tex\latex\beamer\base\beamer
basetwoscreens.sty"
Package: beamerbasetwoscreens 2010/05/01  (rcs-revision efa082c6111d)
)
("C:\Users\Simon\AppData\Local\Programs\MiKTeX 2.9\tex\latex\beamer\base\beamer
baseoverlay.sty"
Package: beamerbaseoverlay 2013/12/25  (rcs-revision f6bd5e3805da)
\beamer@argscount=\count126
\beamer@lastskipcover=\skip44
\beamer@trivlistdepth=\count127
)
("C:\Users\Simon\AppData\Local\Programs\MiKTeX 2.9\tex\latex\beamer\base\beamer
basetitle.sty"
Package: beamerbasetitle 2010/09/21  (rcs-revision f0446ed0b6ae)
)
("C:\Users\Simon\AppData\Local\Programs\MiKTeX 2.9\tex\latex\beamer\base\beamer
basesection.sty"
Package: beamerbasesection 2013/06/07  (rcs-revision 60b9fe0f342f)
\c@lecture=\count128
\c@part=\count129
\c@section=\count130
\c@subsection=\count131
\c@subsubsection=\count132
)
("C:\Users\Simon\AppData\Local\Programs\MiKTeX 2.9\tex\latex\beamer\base\beamer
baseframe.sty"
Package: beamerbaseframe 2014/02/20  (rcs-revision 4b8ceeeff434)
\beamer@framebox=\box40
\beamer@frametitlebox=\box41
\beamer@zoombox=\box42
\beamer@zoomcount=\count133
\beamer@zoomframecount=\count134
\beamer@frametextheight=\dimen168
\c@subsectionslide=\count135
\beamer@frametopskip=\skip45
\beamer@framebottomskip=\skip46
\beamer@frametopskipautobreak=\skip47
\beamer@framebottomskipautobreak=\skip48
\beamer@envbody=\toks27
\framewidth=\dimen169
\c@framenumber=\count136
)
("C:\Users\Simon\AppData\Local\Programs\MiKTeX 2.9\tex\latex\beamer\base\beamer
baseverbatim.sty"
Package: beamerbaseverbatim 2015/01/05  (rcs-revision 431510bb5890)
\beamer@verbatimfileout=\write4
)
("C:\Users\Simon\AppData\Local\Programs\MiKTeX 2.9\tex\latex\beamer\base\beamer
baseframesize.sty"
Package: beamerbaseframesize 2011/09/12  (rcs-revision 70f9d8411e54)
\beamer@splitbox=\box43
\beamer@autobreakcount=\count137
\beamer@autobreaklastheight=\dimen170
\beamer@frametitletoks=\toks28
\beamer@framesubtitletoks=\toks29
)
("C:\Users\Simon\AppData\Local\Programs\MiKTeX 2.9\tex\latex\beamer\base\beamer
baseframecomponents.sty"
Package: beamerbaseframecomponents 2013/10/18  (rcs-revision 5cf6c5555a45)
\beamer@footins=\box44
)
("C:\Users\Simon\AppData\Local\Programs\MiKTeX 2.9\tex\latex\beamer\base\beamer
basecolor.sty"
Package: beamerbasecolor 2015/02/21  (rcs-revision d944b04ee2d5)
)
("C:\Users\Simon\AppData\Local\Programs\MiKTeX 2.9\tex\latex\beamer\base\beamer
basenotes.sty"
Package: beamerbasenotes 2012/12/19  (rcs-revision 1686da3db3c9)
\beamer@frameboxcopy=\box45
)
("C:\Users\Simon\AppData\Local\Programs\MiKTeX 2.9\tex\latex\beamer\base\beamer
basetoc.sty"
Package: beamerbasetoc 2015/03/08  (rcs-revision 7270298bbaae)
)
("C:\Users\Simon\AppData\Local\Programs\MiKTeX 2.9\tex\latex\beamer\base\beamer
basetemplates.sty"
Package: beamerbasetemplates 2010/05/01  (rcs-revision efa082c6111d)
\beamer@sbttoks=\toks30

("C:\Users\Simon\AppData\Local\Programs\MiKTeX 2.9\tex\latex\beamer\base\beamer
baseauxtemplates.sty"
Package: beamerbaseauxtemplates 2014/06/30  (rcs-revision 580088513a67)

("C:\Users\Simon\AppData\Local\Programs\MiKTeX 2.9\tex\latex\beamer\base\beamer
baseboxes.sty"
Package: beamerbaseboxes 2012/05/13  (rcs-revision 56972908a390)
\bmb@box=\box46
\bmb@colorbox=\box47
\bmb@boxshadow=\box48
\bmb@boxshadowball=\box49
\bmb@boxshadowballlarge=\box50
\bmb@temp=\dimen171
\bmb@dima=\dimen172
\bmb@dimb=\dimen173
\bmb@prevheight=\dimen174
)
\beamer@blockheadheight=\dimen175
))
("C:\Users\Simon\AppData\Local\Programs\MiKTeX 2.9\tex\latex\beamer\base\beamer
baselocalstructure.sty"
Package: beamerbaselocalstructure 2014/09/10  (rcs-revision 393f6dcff371)

("C:\Users\Simon\AppData\Local\Programs\MiKTeX 2.9\tex\latex\tools\enumerate.st
y"
Package: enumerate 2015/07/23 v3.00 enumerate extensions (DPC)
\@enLab=\toks31
)
\c@figure=\count138
\c@table=\count139
\abovecaptionskip=\skip49
\belowcaptionskip=\skip50
)
("C:\Users\Simon\AppData\Local\Programs\MiKTeX 2.9\tex\latex\beamer\base\beamer
basenavigation.sty"
Package: beamerbasenavigation 2015/02/27  (rcs-revision 923f4bf87efa)
\beamer@section@min@dim=\dimen176
)
("C:\Users\Simon\AppData\Local\Programs\MiKTeX 2.9\tex\latex\beamer\base\beamer
basetheorems.sty"
Package: beamerbasetheorems 2010/06/06  (rcs-revision 7e7cc5e53e9d)

("C:\Users\Simon\AppData\Local\Programs\MiKTeX 2.9\tex\latex\amsmath\amsmath.st
y"
Package: amsmath 2013/01/14 v2.14 AMS math features
\@mathmargin=\skip51

For additional information on amsmath, use the `?' option.

("C:\Users\Simon\AppData\Local\Programs\MiKTeX 2.9\tex\latex\amsmath\amstext.st
y"
Package: amstext 2000/06/29 v2.01

("C:\Users\Simon\AppData\Local\Programs\MiKTeX 2.9\tex\latex\amsmath\amsgen.sty
"
File: amsgen.sty 1999/11/30 v2.0
\@emptytoks=\toks32
\ex@=\dimen177
))
("C:\Users\Simon\AppData\Local\Programs\MiKTeX 2.9\tex\latex\amsmath\amsbsy.sty
"
Package: amsbsy 1999/11/29 v1.2d
\pmbraise@=\dimen178
)
("C:\Users\Simon\AppData\Local\Programs\MiKTeX 2.9\tex\latex\amsmath\amsopn.sty
"
Package: amsopn 1999/12/14 v2.01 operator names
)
\inf@bad=\count140
LaTeX Info: Redefining \frac on input line 210.
\uproot@=\count141
\leftroot@=\count142
LaTeX Info: Redefining \overline on input line 306.
\classnum@=\count143
\DOTSCASE@=\count144
LaTeX Info: Redefining \ldots on input line 378.
LaTeX Info: Redefining \dots on input line 381.
LaTeX Info: Redefining \cdots on input line 466.
\Mathstrutbox@=\box51
\strutbox@=\box52
\big@size=\dimen179
LaTeX Font Info:    Redeclaring font encoding OML on input line 566.
LaTeX Font Info:    Redeclaring font encoding OMS on input line 567.
\macc@depth=\count145
\c@MaxMatrixCols=\count146
\dotsspace@=\muskip11
\c@parentequation=\count147
\dspbrk@lvl=\count148
\tag@help=\toks33
\row@=\count149
\column@=\count150
\maxfields@=\count151
\andhelp@=\toks34
\eqnshift@=\dimen180
\alignsep@=\dimen181
\tagshift@=\dimen182
\tagwidth@=\dimen183
\totwidth@=\dimen184
\lineht@=\dimen185
\@envbody=\toks35
\multlinegap=\skip52
\multlinetaggap=\skip53
\mathdisplay@stack=\toks36
LaTeX Info: Redefining \[ on input line 2665.
LaTeX Info: Redefining \] on input line 2666.
)
("C:\Users\Simon\AppData\Local\Programs\MiKTeX 2.9\tex\latex\amscls\amsthm.sty"
Package: amsthm 2015/03/04 v2.20.2
\thm@style=\toks37
\thm@bodyfont=\toks38
\thm@headfont=\toks39
\thm@notefont=\toks40
\thm@headpunct=\toks41
\thm@preskip=\skip54
\thm@postskip=\skip55
\thm@headsep=\skip56
\dth@everypar=\toks42
)
\c@theorem=\count152
)
("C:\Users\Simon\AppData\Local\Programs\MiKTeX 2.9\tex\latex\beamer\base\beamer
basethemes.sty"
Package: beamerbasethemes 2010/05/01  (rcs-revision efa082c6111d)
))
("C:\Users\Simon\AppData\Local\Programs\MiKTeX 2.9\tex\latex\beamer\base\themes
\theme\beamerthemedefault.sty"
Package: beamerthemedefault 2010/06/17  (rcs-revision d02a7cf4d8ae)

("C:\Users\Simon\AppData\Local\Programs\MiKTeX 2.9\tex\latex\beamer\base\themes
\font\beamerfontthemedefault.sty"
Package: beamerfontthemedefault 2012/12/19  (rcs-revision 1686da3db3c9)
)
("C:\Users\Simon\AppData\Local\Programs\MiKTeX 2.9\tex\latex\beamer\base\themes
\color\beamercolorthemedefault.sty"
Package: beamercolorthemedefault 2012/12/19  (rcs-revision 1686da3db3c9)
)
("C:\Users\Simon\AppData\Local\Programs\MiKTeX 2.9\tex\latex\beamer\base\themes
\inner\beamerinnerthemedefault.sty"
Package: beamerinnerthemedefault 2014/06/30  (rcs-revision 580088513a67)
\beamer@dima=\dimen186
\beamer@dimb=\dimen187
)
("C:\Users\Simon\AppData\Local\Programs\MiKTeX 2.9\tex\latex\beamer\base\themes
\outer\beamerouterthemedefault.sty"
Package: beamerouterthemedefault 2012/12/19  (rcs-revision 1686da3db3c9)
))) (beamerthemeAAUsidebar.sty
Package: beamerthemeAAUsidebar 2013/05/26 v1.3.0 The AAU Sidebar Beamer Theme

("C:\Users\Simon\AppData\Local\Programs\MiKTeX 2.9\tex\latex\pgf\frontendlayer\
tikz.sty"
("C:\Users\Simon\AppData\Local\Programs\MiKTeX 2.9\tex\latex\pgf\basiclayer\pgf
.sty"
Package: pgf 2015/08/07 v3.0.1a (rcs-revision 1.15)

("C:\Users\Simon\AppData\Local\Programs\MiKTeX 2.9\tex\generic\pgf\modules\pgfm
oduleshapes.code.tex"
File: pgfmoduleshapes.code.tex 2014/03/21  (rcs-revision 1.35)
\pgfnodeparttextbox=\box53
)
("C:\Users\Simon\AppData\Local\Programs\MiKTeX 2.9\tex\generic\pgf\modules\pgfm
oduleplot.code.tex"
File: pgfmoduleplot.code.tex 2015/08/03  (rcs-revision 1.13)
)
("C:\Users\Simon\AppData\Local\Programs\MiKTeX 2.9\tex\latex\pgf\compatibility\
pgfcomp-version-0-65.sty"
Package: pgfcomp-version-0-65 2007/07/03 v3.0.1a (rcs-revision 1.7)
\pgf@nodesepstart=\dimen188
\pgf@nodesepend=\dimen189
)
("C:\Users\Simon\AppData\Local\Programs\MiKTeX 2.9\tex\latex\pgf\compatibility\
pgfcomp-version-1-18.sty"
Package: pgfcomp-version-1-18 2007/07/23 v3.0.1a (rcs-revision 1.1)
))
("C:\Users\Simon\AppData\Local\Programs\MiKTeX 2.9\tex\latex\pgf\utilities\pgff
or.sty"
("C:\Users\Simon\AppData\Local\Programs\MiKTeX 2.9\tex\latex\pgf\utilities\pgfk
eys.sty"
("C:\Users\Simon\AppData\Local\Programs\MiKTeX 2.9\tex\generic\pgf\utilities\pg
fkeys.code.tex"))
("C:\Users\Simon\AppData\Local\Programs\MiKTeX 2.9\tex\latex\pgf\math\pgfmath.s
ty"
("C:\Users\Simon\AppData\Local\Programs\MiKTeX 2.9\tex\generic\pgf\math\pgfmath
.code.tex"))
("C:\Users\Simon\AppData\Local\Programs\MiKTeX 2.9\tex\generic\pgf\utilities\pg
ffor.code.tex"
Package: pgffor 2013/12/13 v3.0.1a (rcs-revision 1.25)

("C:\Users\Simon\AppData\Local\Programs\MiKTeX 2.9\tex\generic\pgf\math\pgfmath
.code.tex")
\pgffor@iter=\dimen190
\pgffor@skip=\dimen191
\pgffor@stack=\toks43
\pgffor@toks=\toks44
))
("C:\Users\Simon\AppData\Local\Programs\MiKTeX 2.9\tex\generic\pgf\frontendlaye
r\tikz\tikz.code.tex"
Package: tikz 2015/08/07 v3.0.1a (rcs-revision 1.151)

("C:\Users\Simon\AppData\Local\Programs\MiKTeX 2.9\tex\generic\pgf\libraries\pg
flibraryplothandlers.code.tex"
File: pgflibraryplothandlers.code.tex 2013/08/31 v3.0.1a (rcs-revision 1.20)
\pgf@plot@mark@count=\count153
\pgfplotmarksize=\dimen192
)
\tikz@lastx=\dimen193
\tikz@lasty=\dimen194
\tikz@lastxsaved=\dimen195
\tikz@lastysaved=\dimen196
\tikzleveldistance=\dimen197
\tikzsiblingdistance=\dimen198
\tikz@figbox=\box54
\tikz@figbox@bg=\box55
\tikz@tempbox=\box56
\tikz@tempbox@bg=\box57
\tikztreelevel=\count154
\tikznumberofchildren=\count155
\tikznumberofcurrentchild=\count156
\tikz@fig@count=\count157

("C:\Users\Simon\AppData\Local\Programs\MiKTeX 2.9\tex\generic\pgf\modules\pgfm
odulematrix.code.tex"
File: pgfmodulematrix.code.tex 2013/09/17  (rcs-revision 1.8)
\pgfmatrixcurrentrow=\count158
\pgfmatrixcurrentcolumn=\count159
\pgf@matrix@numberofcolumns=\count160
)
\tikz@expandcount=\count161

("C:\Users\Simon\AppData\Local\Programs\MiKTeX 2.9\tex\generic\pgf\frontendlaye
r\tikz\libraries\tikzlibrarytopaths.code.tex"
File: tikzlibrarytopaths.code.tex 2008/06/17 v3.0.1a (rcs-revision 1.2)
)))
("C:\Users\Simon\AppData\Local\Programs\MiKTeX 2.9\tex\latex\tools\calc.sty"
Package: calc 2014/10/28 v4.3 Infix arithmetic (KKT,FJ)
\calc@Acount=\count162
\calc@Bcount=\count163
\calc@Adimen=\dimen199
\calc@Bdimen=\dimen256
\calc@Askip=\skip57
\calc@Bskip=\skip58
LaTeX Info: Redefining \setlength on input line 80.
LaTeX Info: Redefining \addtolength on input line 81.
\calc@Ccount=\count164
\calc@Cskip=\skip59
)
(beamerinnerthemeAAUsidebar.sty
Package: beamerinnerthemeAAUsidebar 2013/05/26 v1.3.0 The AAU Sidebar Beamer Th
eme
\beamer@plainpagewidth=\skip60
) (beamerouterthemeAAUsidebar.sty
Package: beamerouterthemeAAUsidebar 2013/05/26 v1.3.0 The AAU Sidebar Beamer Th
eme
\beamer@width=\skip61
\beamer@height=\skip62
\beamer@barwidth=\skip63
)
(beamercolorthemeAAUsidebar.sty
Package: beamercolorthemeAAUsidebar 2013/05/26 v1.3.0 The AAU Sidebar Beamer Th
eme
))
("C:\Users\Simon\AppData\Local\Programs\MiKTeX 2.9\tex\latex\base\inputenc.sty"
Package: inputenc 2015/03/17 v1.2c Input encoding file
\inpenc@prehook=\toks45
\inpenc@posthook=\toks46
("C:\Users\Simon\AppData\Local\Programs\MiKTeX 2.9\tex\latex\base\utf8.def"
File: utf8.def 2015/09/07 v1.1p UTF-8 support for inputenc
Now handling font encoding OML ...
... no UTF-8 mapping file for font encoding OML
Now handling font encoding T1 ...
... processing UTF-8 mapping file for font encoding T1

("C:\Users\Simon\AppData\Local\Programs\MiKTeX 2.9\tex\latex\base\t1enc.dfu"
File: t1enc.dfu 2015/09/07 v1.1p UTF-8 support for inputenc
   defining Unicode char U+00A0 (decimal 160)
   defining Unicode char U+00A1 (decimal 161)
   defining Unicode char U+00A3 (decimal 163)
   defining Unicode char U+00AB (decimal 171)
   defining Unicode char U+00AD (decimal 173)
   defining Unicode char U+00BB (decimal 187)
   defining Unicode char U+00BF (decimal 191)
   defining Unicode char U+00C0 (decimal 192)
   defining Unicode char U+00C1 (decimal 193)
   defining Unicode char U+00C2 (decimal 194)
   defining Unicode char U+00C3 (decimal 195)
   defining Unicode char U+00C4 (decimal 196)
   defining Unicode char U+00C5 (decimal 197)
   defining Unicode char U+00C6 (decimal 198)
   defining Unicode char U+00C7 (decimal 199)
   defining Unicode char U+00C8 (decimal 200)
   defining Unicode char U+00C9 (decimal 201)
   defining Unicode char U+00CA (decimal 202)
   defining Unicode char U+00CB (decimal 203)
   defining Unicode char U+00CC (decimal 204)
   defining Unicode char U+00CD (decimal 205)
   defining Unicode char U+00CE (decimal 206)
   defining Unicode char U+00CF (decimal 207)
   defining Unicode char U+00D0 (decimal 208)
   defining Unicode char U+00D1 (decimal 209)
   defining Unicode char U+00D2 (decimal 210)
   defining Unicode char U+00D3 (decimal 211)
   defining Unicode char U+00D4 (decimal 212)
   defining Unicode char U+00D5 (decimal 213)
   defining Unicode char U+00D6 (decimal 214)
   defining Unicode char U+00D8 (decimal 216)
   defining Unicode char U+00D9 (decimal 217)
   defining Unicode char U+00DA (decimal 218)
   defining Unicode char U+00DB (decimal 219)
   defining Unicode char U+00DC (decimal 220)
   defining Unicode char U+00DD (decimal 221)
   defining Unicode char U+00DE (decimal 222)
   defining Unicode char U+00DF (decimal 223)
   defining Unicode char U+00E0 (decimal 224)
   defining Unicode char U+00E1 (decimal 225)
   defining Unicode char U+00E2 (decimal 226)
   defining Unicode char U+00E3 (decimal 227)
   defining Unicode char U+00E4 (decimal 228)
   defining Unicode char U+00E5 (decimal 229)
   defining Unicode char U+00E6 (decimal 230)
   defining Unicode char U+00E7 (decimal 231)
   defining Unicode char U+00E8 (decimal 232)
   defining Unicode char U+00E9 (decimal 233)
   defining Unicode char U+00EA (decimal 234)
   defining Unicode char U+00EB (decimal 235)
   defining Unicode char U+00EC (decimal 236)
   defining Unicode char U+00ED (decimal 237)
   defining Unicode char U+00EE (decimal 238)
   defining Unicode char U+00EF (decimal 239)
   defining Unicode char U+00F0 (decimal 240)
   defining Unicode char U+00F1 (decimal 241)
   defining Unicode char U+00F2 (decimal 242)
   defining Unicode char U+00F3 (decimal 243)
   defining Unicode char U+00F4 (decimal 244)
   defining Unicode char U+00F5 (decimal 245)
   defining Unicode char U+00F6 (decimal 246)
   defining Unicode char U+00F8 (decimal 248)
   defining Unicode char U+00F9 (decimal 249)
   defining Unicode char U+00FA (decimal 250)
   defining Unicode char U+00FB (decimal 251)
   defining Unicode char U+00FC (decimal 252)
   defining Unicode char U+00FD (decimal 253)
   defining Unicode char U+00FE (decimal 254)
   defining Unicode char U+00FF (decimal 255)
   defining Unicode char U+0102 (decimal 258)
   defining Unicode char U+0103 (decimal 259)
   defining Unicode char U+0104 (decimal 260)
   defining Unicode char U+0105 (decimal 261)
   defining Unicode char U+0106 (decimal 262)
   defining Unicode char U+0107 (decimal 263)
   defining Unicode char U+010C (decimal 268)
   defining Unicode char U+010D (decimal 269)
   defining Unicode char U+010E (decimal 270)
   defining Unicode char U+010F (decimal 271)
   defining Unicode char U+0110 (decimal 272)
   defining Unicode char U+0111 (decimal 273)
   defining Unicode char U+0118 (decimal 280)
   defining Unicode char U+0119 (decimal 281)
   defining Unicode char U+011A (decimal 282)
   defining Unicode char U+011B (decimal 283)
   defining Unicode char U+011E (decimal 286)
   defining Unicode char U+011F (decimal 287)
   defining Unicode char U+0130 (decimal 304)
   defining Unicode char U+0131 (decimal 305)
   defining Unicode char U+0132 (decimal 306)
   defining Unicode char U+0133 (decimal 307)
   defining Unicode char U+0139 (decimal 313)
   defining Unicode char U+013A (decimal 314)
   defining Unicode char U+013D (decimal 317)
   defining Unicode char U+013E (decimal 318)
   defining Unicode char U+0141 (decimal 321)
   defining Unicode char U+0142 (decimal 322)
   defining Unicode char U+0143 (decimal 323)
   defining Unicode char U+0144 (decimal 324)
   defining Unicode char U+0147 (decimal 327)
   defining Unicode char U+0148 (decimal 328)
   defining Unicode char U+014A (decimal 330)
   defining Unicode char U+014B (decimal 331)
   defining Unicode char U+0150 (decimal 336)
   defining Unicode char U+0151 (decimal 337)
   defining Unicode char U+0152 (decimal 338)
   defining Unicode char U+0153 (decimal 339)
   defining Unicode char U+0154 (decimal 340)
   defining Unicode char U+0155 (decimal 341)
   defining Unicode char U+0158 (decimal 344)
   defining Unicode char U+0159 (decimal 345)
   defining Unicode char U+015A (decimal 346)
   defining Unicode char U+015B (decimal 347)
   defining Unicode char U+015E (decimal 350)
   defining Unicode char U+015F (decimal 351)
   defining Unicode char U+0160 (decimal 352)
   defining Unicode char U+0161 (decimal 353)
   defining Unicode char U+0162 (decimal 354)
   defining Unicode char U+0163 (decimal 355)
   defining Unicode char U+0164 (decimal 356)
   defining Unicode char U+0165 (decimal 357)
   defining Unicode char U+016E (decimal 366)
   defining Unicode char U+016F (decimal 367)
   defining Unicode char U+0170 (decimal 368)
   defining Unicode char U+0171 (decimal 369)
   defining Unicode char U+0174 (decimal 372)
   defining Unicode char U+0175 (decimal 373)
   defining Unicode char U+0176 (decimal 374)
   defining Unicode char U+0177 (decimal 375)
   defining Unicode char U+0178 (decimal 376)
   defining Unicode char U+0179 (decimal 377)
   defining Unicode char U+017A (decimal 378)
   defining Unicode char U+017B (decimal 379)
   defining Unicode char U+017C (decimal 380)
   defining Unicode char U+017D (decimal 381)
   defining Unicode char U+017E (decimal 382)
   defining Unicode char U+0218 (decimal 536)
   defining Unicode char U+0219 (decimal 537)
   defining Unicode char U+021A (decimal 538)
   defining Unicode char U+021B (decimal 539)
   defining Unicode char U+200C (decimal 8204)
   defining Unicode char U+2013 (decimal 8211)
   defining Unicode char U+2014 (decimal 8212)
   defining Unicode char U+2018 (decimal 8216)
   defining Unicode char U+2019 (decimal 8217)
   defining Unicode char U+201A (decimal 8218)
   defining Unicode char U+201C (decimal 8220)
   defining Unicode char U+201D (decimal 8221)
   defining Unicode char U+201E (decimal 8222)
   defining Unicode char U+2030 (decimal 8240)
   defining Unicode char U+2031 (decimal 8241)
   defining Unicode char U+2039 (decimal 8249)
   defining Unicode char U+203A (decimal 8250)
   defining Unicode char U+2423 (decimal 9251)
)
Now handling font encoding OT1 ...
... processing UTF-8 mapping file for font encoding OT1

("C:\Users\Simon\AppData\Local\Programs\MiKTeX 2.9\tex\latex\base\ot1enc.dfu"
File: ot1enc.dfu 2015/09/07 v1.1p UTF-8 support for inputenc
   defining Unicode char U+00A0 (decimal 160)
   defining Unicode char U+00A1 (decimal 161)
   defining Unicode char U+00A3 (decimal 163)
   defining Unicode char U+00AD (decimal 173)
   defining Unicode char U+00B8 (decimal 184)
   defining Unicode char U+00BF (decimal 191)
   defining Unicode char U+00C5 (decimal 197)
   defining Unicode char U+00C6 (decimal 198)
   defining Unicode char U+00D8 (decimal 216)
   defining Unicode char U+00DF (decimal 223)
   defining Unicode char U+00E6 (decimal 230)
   defining Unicode char U+00EC (decimal 236)
   defining Unicode char U+00ED (decimal 237)
   defining Unicode char U+00EE (decimal 238)
   defining Unicode char U+00EF (decimal 239)
   defining Unicode char U+00F8 (decimal 248)
   defining Unicode char U+0131 (decimal 305)
   defining Unicode char U+0141 (decimal 321)
   defining Unicode char U+0142 (decimal 322)
   defining Unicode char U+0152 (decimal 338)
   defining Unicode char U+0153 (decimal 339)
   defining Unicode char U+0174 (decimal 372)
   defining Unicode char U+0175 (decimal 373)
   defining Unicode char U+0176 (decimal 374)
   defining Unicode char U+0177 (decimal 375)
   defining Unicode char U+0218 (decimal 536)
   defining Unicode char U+0219 (decimal 537)
   defining Unicode char U+021A (decimal 538)
   defining Unicode char U+021B (decimal 539)
   defining Unicode char U+2013 (decimal 8211)
   defining Unicode char U+2014 (decimal 8212)
   defining Unicode char U+2018 (decimal 8216)
   defining Unicode char U+2019 (decimal 8217)
   defining Unicode char U+201C (decimal 8220)
   defining Unicode char U+201D (decimal 8221)
)
Now handling font encoding OMS ...
... processing UTF-8 mapping file for font encoding OMS

("C:\Users\Simon\AppData\Local\Programs\MiKTeX 2.9\tex\latex\base\omsenc.dfu"
File: omsenc.dfu 2015/09/07 v1.1p UTF-8 support for inputenc
   defining Unicode char U+00A7 (decimal 167)
   defining Unicode char U+00B6 (decimal 182)
   defining Unicode char U+00B7 (decimal 183)
   defining Unicode char U+2020 (decimal 8224)
   defining Unicode char U+2021 (decimal 8225)
   defining Unicode char U+2022 (decimal 8226)
)
Now handling font encoding OMX ...
... no UTF-8 mapping file for font encoding OMX
Now handling font encoding U ...
... no UTF-8 mapping file for font encoding U
Now handling font encoding PD1 ...
... no UTF-8 mapping file for font encoding PD1
   defining Unicode char U+00A9 (decimal 169)
   defining Unicode char U+00AA (decimal 170)
   defining Unicode char U+00AE (decimal 174)
   defining Unicode char U+00BA (decimal 186)
   defining Unicode char U+02C6 (decimal 710)
   defining Unicode char U+02DC (decimal 732)
   defining Unicode char U+200C (decimal 8204)
   defining Unicode char U+2026 (decimal 8230)
   defining Unicode char U+2122 (decimal 8482)
   defining Unicode char U+2423 (decimal 9251)
)) ("C:\Users\Simon\AppData\Local\Programs\MiKTeX 2.9\tex\generic\babel\babel.s
ty"
Package: babel 2015/08/03 3.9m The Babel package

*************************************
* Local config file bblopts.cfg used
*

("C:\Users\Simon\AppData\Local\Programs\MiKTeX 2.9\tex\latex\00miktex\bblopts.c
fg"
File: bblopts.cfg 2006/07/31 v1.0 MiKTeX 'babel' configuration
)
("C:\Users\Simon\AppData\Local\Programs\MiKTeX 2.9\tex\latex\babel-danish\danis
h.ldf"
Language: danish 2009/09/19 v1.3r Danish support from the babel system

("C:\Users\Simon\AppData\Local\Programs\MiKTeX 2.9\tex\generic\babel\babel.def"
File: babel.def 2015/08/03 3.9m Babel common definitions
\babel@savecnt=\count165
\U@D=\dimen257
LaTeX Info: Redefining \textlatin on input line 1431.
)
Package babel Info: Making " an active character on input line 82.
))
("C:\Users\Simon\AppData\Local\Programs\MiKTeX 2.9\tex\latex\base\fontenc.sty"
Package: fontenc 2005/09/27 v1.99g Standard LaTeX package

("C:\Users\Simon\AppData\Local\Programs\MiKTeX 2.9\tex\latex\base\t1enc.def"
File: t1enc.def 2005/09/27 v1.99g Standard LaTeX file
LaTeX Font Info:    Redeclaring font encoding T1 on input line 48.
))
("C:\Users\Simon\AppData\Local\Programs\MiKTeX 2.9\tex\latex\psnfss\helvet.sty"
Package: helvet 2005/04/12 PSNFSS-v9.2a (WaS) 
)
("C:\Users\Simon\AppData\Local\Programs\MiKTeX 2.9\tex\generic\pgf\frontendlaye
r\tikz\libraries\tikzlibraryshapes.geometric.code.tex"
File: tikzlibraryshapes.geometric.code.tex 2008/01/09 v3.0.1a (rcs-revision 1.1
)

("C:\Users\Simon\AppData\Local\Programs\MiKTeX 2.9\tex\generic\pgf\libraries\sh
apes\pgflibraryshapes.geometric.code.tex"
File: pgflibraryshapes.geometric.code.tex 2008/06/26 v3.0.1a (rcs-revision 1.1)

))
("C:\Users\Simon\AppData\Local\Programs\MiKTeX 2.9\tex\generic\pgf\frontendlaye
r\tikz\libraries\tikzlibraryarrows.code.tex"
File: tikzlibraryarrows.code.tex 2008/01/09 v3.0.1a (rcs-revision 1.1)

("C:\Users\Simon\AppData\Local\Programs\MiKTeX 2.9\tex\generic\pgf\libraries\pg
flibraryarrows.code.tex"
File: pgflibraryarrows.code.tex 2013/09/23 v3.0.1a (rcs-revision 1.16)
\arrowsize=\dimen258
))
("C:\Users\Simon\AppData\Local\Programs\MiKTeX 2.9\tex\latex\listings\listings.
sty"
\lst@mode=\count166
\lst@gtempboxa=\box58
\lst@token=\toks47
\lst@length=\count167
\lst@currlwidth=\dimen259
\lst@column=\count168
\lst@pos=\count169
\lst@lostspace=\dimen260
\lst@width=\dimen261
\lst@newlines=\count170
\lst@lineno=\count171
\lst@maxwidth=\dimen262

("C:\Users\Simon\AppData\Local\Programs\MiKTeX 2.9\tex\latex\listings\lstmisc.s
ty"
File: lstmisc.sty 2015/06/04 1.6 (Carsten Heinz)
\c@lstnumber=\count172
\lst@skipnumbers=\count173
\lst@framebox=\box59
)
("C:\Users\Simon\AppData\Local\Programs\MiKTeX 2.9\tex\latex\listings\listings.
cfg"
File: listings.cfg 2015/06/04 1.6 listings configuration
))
Package: listings 2015/06/04 1.6 (Carsten Heinz)

("C:\Users\Simon\AppData\Local\Programs\MiKTeX 2.9\tex\latex\tools\tabularx.sty
"
Package: tabularx 2014/10/28 v2.10 `tabularx' package (DPC)
 ("C:\Users\Simon\AppData\Local\Programs\MiKTeX 2.9\tex\latex\tools\array.sty"
Package: array 2014/10/28 v2.4c Tabular extension package (FMi)
\col@sep=\dimen263
\extrarowheight=\dimen264
\NC@list=\toks48
\extratabsurround=\skip64
\backup@length=\skip65
)
\TX@col@width=\dimen265
\TX@old@table=\dimen266
\TX@old@col=\dimen267
\TX@target=\dimen268
\TX@delta=\dimen269
\TX@cols=\count174
\TX@ftn=\toks49
)

Package hyperref Warning: Token not allowed in a PDF string (PDFDocEncoding):
(hyperref)                removing `\kernel@ifnextchar' on input line 73.


Package hyperref Warning: Token not allowed in a PDF string (PDFDocEncoding):
(hyperref)                removing `\kernel@ifnextchar' on input line 73.


Package hyperref Warning: Token not allowed in a PDF string (PDFDocEncoding):
(hyperref)                removing `\kernel@ifnextchar' on input line 73.


Package hyperref Warning: Token not allowed in a PDF string (PDFDocEncoding):
(hyperref)                removing `\kernel@ifnextchar' on input line 73.


Package hyperref Warning: Token not allowed in a PDF string (PDFDocEncoding):
(hyperref)                removing `\kernel@ifnextchar' on input line 73.

) (main.aux)
\openout1 = `main.aux'.

LaTeX Font Info:    Checking defaults for OML/cmm/m/it on input line 3.
LaTeX Font Info:    ... okay on input line 3.
LaTeX Font Info:    Checking defaults for T1/cmr/m/n on input line 3.
LaTeX Font Info:    ... okay on input line 3.
LaTeX Font Info:    Checking defaults for OT1/cmr/m/n on input line 3.
LaTeX Font Info:    ... okay on input line 3.
LaTeX Font Info:    Checking defaults for OMS/cmsy/m/n on input line 3.
LaTeX Font Info:    ... okay on input line 3.
LaTeX Font Info:    Checking defaults for OMX/cmex/m/n on input line 3.
LaTeX Font Info:    ... okay on input line 3.
LaTeX Font Info:    Checking defaults for U/cmr/m/n on input line 3.
LaTeX Font Info:    ... okay on input line 3.
LaTeX Font Info:    Checking defaults for PD1/pdf/m/n on input line 3.
LaTeX Font Info:    ... okay on input line 3.
LaTeX Font Info:    Try loading font information for T1+phv on input line 3.

("C:\Users\Simon\AppData\Local\Programs\MiKTeX 2.9\tex\latex\psnfss\t1phv.fd"
File: t1phv.fd 2001/06/04 scalable font definitions for T1/phv.
)
*geometry* driver: auto-detecting
*geometry* detected driver: pdftex
*geometry* verbose mode - [ preamble ] result:
* driver: pdftex
* paper: custom
* layout: <same size as paper>
* layoutoffset:(h,v)=(0.0pt,0.0pt)
* modes: includehead includefoot 
* h-part:(L,W,R)=(71.13187pt, 278.83713pt, 14.22636pt)
* v-part:(T,H,B)=(0.0pt, 273.14662pt, 0.0pt)
* \paperwidth=364.19536pt
* \paperheight=273.14662pt
* \textwidth=278.83713pt
* \textheight=244.6939pt
* \oddsidemargin=-1.13812pt
* \evensidemargin=-1.13812pt
* \topmargin=-72.26999pt
* \headheight=14.22636pt
* \headsep=0.0pt
* \topskip=10.0pt
* \footskip=14.22636pt
* \marginparwidth=3.0pt
* \marginparsep=11.0pt
* \columnsep=10.0pt
* \skip\footins=9.0pt plus 4.0pt minus 2.0pt
* \hoffset=0.0pt
* \voffset=0.0pt
* \mag=1000
* \@twocolumnfalse
* \@twosidefalse
* \@mparswitchfalse
* \@reversemarginfalse
* (1in=72.27pt=25.4mm, 1cm=28.453pt)


("C:\Users\Simon\AppData\Local\Programs\MiKTeX 2.9\tex\context\base\supp-pdf.mk
ii"
[Loading MPS to PDF converter (version 2006.09.02).]
\scratchcounter=\count175
\scratchdimen=\dimen270
\scratchbox=\box60
\nofMPsegments=\count176
\nofMParguments=\count177
\everyMPshowfont=\toks50
\MPscratchCnt=\count178
\MPscratchDim=\dimen271
\MPnumerator=\count179
\makeMPintoPDFobject=\count180
\everyMPtoPDFconversion=\toks51
) ABD: EveryShipout initializing macros
\AtBeginShipoutBox=\box61
Package hyperref Info: Link coloring OFF on input line 3.

("C:\Users\Simon\AppData\Local\Programs\MiKTeX 2.9\tex\latex\hyperref\nameref.s
ty"
Package: nameref 2012/10/27 v2.43 Cross-referencing by name of section

("C:\Users\Simon\AppData\Local\Programs\MiKTeX 2.9\tex\generic\oberdiek\gettitl
estring.sty"
Package: gettitlestring 2010/12/03 v1.4 Cleanup title references (HO)
)
\c@section@level=\count181
)
LaTeX Info: Redefining \ref on input line 3.
LaTeX Info: Redefining \pageref on input line 3.
LaTeX Info: Redefining \nameref on input line 3.
 (main.out) (main.out)
\@outlinefile=\write5
\openout5 = `main.out'.

LaTeX Font Info:    Overwriting symbol font `operators' in version `normal'
(Font)                  OT1/cmr/m/n --> OT1/cmss/m/n on input line 3.
LaTeX Font Info:    Overwriting symbol font `operators' in version `bold'
(Font)                  OT1/cmr/bx/n --> OT1/cmss/bx/n on input line 3.
\symnumbers=\mathgroup6
\sympureletters=\mathgroup7
LaTeX Font Info:    Overwriting math alphabet `\mathrm' in version `normal'
(Font)                  OT1/cmss/m/n --> T1/cmr/m/n on input line 3.
LaTeX Font Info:    Redeclaring math alphabet \mathbf on input line 3.
LaTeX Font Info:    Overwriting math alphabet `\mathbf' in version `normal'
(Font)                  OT1/cmr/bx/n --> T1/phv/bx/n on input line 3.
LaTeX Font Info:    Overwriting math alphabet `\mathbf' in version `bold'
(Font)                  OT1/cmr/bx/n --> T1/phv/bx/n on input line 3.
LaTeX Font Info:    Redeclaring math alphabet \mathsf on input line 3.
LaTeX Font Info:    Overwriting math alphabet `\mathsf' in version `normal'
(Font)                  OT1/cmss/m/n --> T1/phv/m/n on input line 3.
LaTeX Font Info:    Overwriting math alphabet `\mathsf' in version `bold'
(Font)                  OT1/cmss/bx/n --> T1/phv/m/n on input line 3.
LaTeX Font Info:    Redeclaring math alphabet \mathit on input line 3.
LaTeX Font Info:    Overwriting math alphabet `\mathit' in version `normal'
(Font)                  OT1/cmr/m/it --> T1/phv/m/it on input line 3.
LaTeX Font Info:    Overwriting math alphabet `\mathit' in version `bold'
(Font)                  OT1/cmr/bx/it --> T1/phv/m/it on input line 3.
LaTeX Font Info:    Redeclaring math alphabet \mathtt on input line 3.
LaTeX Font Info:    Overwriting math alphabet `\mathtt' in version `normal'
(Font)                  OT1/cmtt/m/n --> T1/cmtt/m/n on input line 3.
LaTeX Font Info:    Overwriting math alphabet `\mathtt' in version `bold'
(Font)                  OT1/cmtt/m/n --> T1/cmtt/m/n on input line 3.
LaTeX Font Info:    Overwriting symbol font `numbers' in version `bold'
(Font)                  T1/phv/m/n --> T1/phv/bx/n on input line 3.
LaTeX Font Info:    Overwriting symbol font `pureletters' in version `bold'
(Font)                  T1/phv/m/it --> T1/phv/bx/it on input line 3.
LaTeX Font Info:    Overwriting math alphabet `\mathrm' in version `bold'
(Font)                  OT1/cmss/bx/n --> T1/cmr/bx/n on input line 3.
LaTeX Font Info:    Overwriting math alphabet `\mathbf' in version `bold'
(Font)                  T1/phv/bx/n --> T1/phv/bx/n on input line 3.
LaTeX Font Info:    Overwriting math alphabet `\mathsf' in version `bold'
(Font)                  T1/phv/m/n --> T1/phv/bx/n on input line 3.
LaTeX Font Info:    Overwriting math alphabet `\mathit' in version `bold'
(Font)                  T1/phv/m/it --> T1/phv/bx/it on input line 3.
LaTeX Font Info:    Overwriting math alphabet `\mathtt' in version `bold'
(Font)                  T1/cmtt/m/n --> T1/cmtt/bx/n on input line 3.

("C:\Users\Simon\AppData\Local\Programs\MiKTeX 2.9\tex\latex\beamer\base\transl
ator\dicts\translator-basic-dictionary\translator-basic-dictionary-English.dict
"
Dictionary: translator-basic-dictionary, Language: English 
)
("C:\Users\Simon\AppData\Local\Programs\MiKTeX 2.9\tex\latex\beamer\base\transl
ator\dicts\translator-bibliography-dictionary\translator-bibliography-dictionar
y-English.dict"
Dictionary: translator-bibliography-dictionary, Language: English 
)
("C:\Users\Simon\AppData\Local\Programs\MiKTeX 2.9\tex\latex\beamer\base\transl
ator\dicts\translator-environment-dictionary\translator-environment-dictionary-
English.dict"
Dictionary: translator-environment-dictionary, Language: English 
)
("C:\Users\Simon\AppData\Local\Programs\MiKTeX 2.9\tex\latex\beamer\base\transl
ator\dicts\translator-months-dictionary\translator-months-dictionary-English.di
ct"
Dictionary: translator-months-dictionary, Language: English 
)
("C:\Users\Simon\AppData\Local\Programs\MiKTeX 2.9\tex\latex\beamer\base\transl
ator\dicts\translator-numbers-dictionary\translator-numbers-dictionary-English.
dict"
Dictionary: translator-numbers-dictionary, Language: English 
)
("C:\Users\Simon\AppData\Local\Programs\MiKTeX 2.9\tex\latex\beamer\base\transl
ator\dicts\translator-theorem-dictionary\translator-theorem-dictionary-English.
dict"
Dictionary: translator-theorem-dictionary, Language: English 
)
LaTeX Info: Redefining \includegraphics on input line 3.
\c@lstlisting=\count182
 (main.nav)
<AAUgraphics/aau_logo_new_circle.pdf, id=45, 79.29625pt x 80.3pt>
File: AAUgraphics/aau_logo_new_circle.pdf Graphic file (type pdf)

<use AAUgraphics/aau_logo_new_circle.pdf>
Package pdftex.def Info: AAUgraphics/aau_logo_new_circle.pdf used on input line
 3.
(pdftex.def)             Requested size: 40.49973pt x 41.0137pt.
 (slides/formalities.tex
LaTeX Font Info:    Try loading font information for U+msa on input line 6.

("C:\Users\Simon\AppData\Local\Programs\MiKTeX 2.9\tex\latex\amsfonts\umsa.fd"
File: umsa.fd 2013/01/14 v3.01 AMS symbols A
)
LaTeX Font Info:    Try loading font information for U+msb on input line 6.
("C:\Users\Simon\AppData\Local\Programs\MiKTeX 2.9\tex\latex\amsfonts\umsb.fd"
File: umsb.fd 2013/01/14 v3.01 AMS symbols B
)
LaTeX Font Info:    Font shape `T1/phv/m/it' in size <10> not available
(Font)              Font shape `T1/phv/m/sl' tried instead on input line 6.
LaTeX Font Info:    Font shape `T1/phv/m/it' in size <7> not available
(Font)              Font shape `T1/phv/m/sl' tried instead on input line 6.
LaTeX Font Info:    Font shape `T1/phv/m/it' in size <5> not available
(Font)              Font shape `T1/phv/m/sl' tried instead on input line 6.

Overfull \vbox (1.69046pt too high) detected at line 6
 []

<AAUgraphics/aau_waves.pdf, id=46, 845.1575pt x 598.235pt>
File: AAUgraphics/aau_waves.pdf Graphic file (type pdf)

<use AAUgraphics/aau_waves.pdf>
Package pdftex.def Info: AAUgraphics/aau_waves.pdf used on input line 6.
(pdftex.def)             Requested size: 364.1973pt x 273.1467pt.
 [1

{C:/Users/Simon/AppData/Local/MiKTeX/2.9/pdftex/config/pdftex.map} <./AAUgraphi
cs/aau_waves.pdf, page is rotated 270 degrees> <./AAUgraphics/AAU-logo-stud-DK-
RGB.pdf>] (main.toc)
LaTeX Font Info:    Font shape `T1/phv/m/it' in size <14.4> not available
(Font)              Font shape `T1/phv/m/sl' tried instead on input line 12.

Overfull \hbox (1.05998pt too wide) has occurred while \output is active
[][][] [][]
 []


Overfull \hbox (1.05998pt too wide) has occurred while \output is active
[][][] [][]
 []


Overfull \hbox (1.05998pt too wide) has occurred while \output is active
[][][] [][]
 []


Overfull \hbox (1.05998pt too wide) has occurred while \output is active
[][][] [][]
 []

File: AAUgraphics/aau_logo_new_circle.pdf Graphic file (type pdf)
<use AAUgraphics/aau_logo_new_circle.pdf>
Package pdftex.def Info: AAUgraphics/aau_logo_new_circle.pdf used on input line
 12.
(pdftex.def)             Requested size: 40.49973pt x 41.0137pt.
 [2

 <./AAUgraphics/aau_logo_new_circle.pdf>]) (slides/system_op.tex
Overfull \vbox (7.69046pt too high) detected at line 1
 []

[3

]
\openout4 = `main.vrb'.

 (main.vrb)
Overfull \hbox (1.05998pt too wide) has occurred while \output is active
[][][] [][]
 []


Overfull \hbox (1.05998pt too wide) has occurred while \output is active
[][][] [][]
 []


Overfull \hbox (1.05998pt too wide) has occurred while \output is active
[][][] [][]
 []


Overfull \hbox (1.05998pt too wide) has occurred while \output is active
[][][] [][]
 []

File: AAUgraphics/aau_logo_new_circle.pdf Graphic file (type pdf)
<use AAUgraphics/aau_logo_new_circle.pdf>
Package pdftex.def Info: AAUgraphics/aau_logo_new_circle.pdf used on input line
 9.
(pdftex.def)             Requested size: 40.49973pt x 41.0137pt.
 [4

]
\openout4 = `main.vrb'.

 (main.vrb
<pictures/opsaetning.pdf, id=130, 803.0pt x 602.25pt>
File: pictures/opsaetning.pdf Graphic file (type pdf)

<use pictures/opsaetning.pdf>
Package pdftex.def Info: pictures/opsaetning.pdf used on input line 2.
(pdftex.def)             Requested size: 278.83713pt x 209.12733pt.
)
Overfull \hbox (1.05998pt too wide) has occurred while \output is active
[][][] [][]
 []


Overfull \hbox (1.05998pt too wide) has occurred while \output is active
[][][] [][]
 []


Overfull \hbox (1.05998pt too wide) has occurred while \output is active
[][][] [][]
 []


Overfull \hbox (1.05998pt too wide) has occurred while \output is active
[][][] [][]
 []

File: AAUgraphics/aau_logo_new_circle.pdf Graphic file (type pdf)
<use AAUgraphics/aau_logo_new_circle.pdf>
Package pdftex.def Info: AAUgraphics/aau_logo_new_circle.pdf used on input line
 13.
(pdftex.def)             Requested size: 40.49973pt x 41.0137pt.
 [5

 <./pictures/opsaetning.pdf>])
(slides/simontex.tex
Overfull \vbox (7.69046pt too high) detected at line 1
 []

[6

]
\openout4 = `main.vrb'.

 (main.vrb)
Overfull \hbox (1.05998pt too wide) has occurred while \output is active
[][][] [][]
 []


Overfull \hbox (1.05998pt too wide) has occurred while \output is active
[][][] [][]
 []


Overfull \hbox (1.05998pt too wide) has occurred while \output is active
[][][] [][]
 []


Overfull \hbox (1.05998pt too wide) has occurred while \output is active
[][][] [][]
 []

File: AAUgraphics/aau_logo_new_circle.pdf Graphic file (type pdf)
<use AAUgraphics/aau_logo_new_circle.pdf>
Package pdftex.def Info: AAUgraphics/aau_logo_new_circle.pdf used on input line
 13.
(pdftex.def)             Requested size: 40.49973pt x 41.0137pt.
 [7

]
\openout4 = `main.vrb'.

 (main.vrb)
Overfull \hbox (1.05998pt too wide) has occurred while \output is active
[][][] [][]
 []


Overfull \hbox (1.05998pt too wide) has occurred while \output is active
[][][] [][]
 []


Overfull \hbox (1.05998pt too wide) has occurred while \output is active
[][][] [][]
 []


Overfull \hbox (1.05998pt too wide) has occurred while \output is active
[][][] [][]
 []

File: AAUgraphics/aau_logo_new_circle.pdf Graphic file (type pdf)
<use AAUgraphics/aau_logo_new_circle.pdf>
Package pdftex.def Info: AAUgraphics/aau_logo_new_circle.pdf used on input line
 26.
(pdftex.def)             Requested size: 40.49973pt x 41.0137pt.
 [8

]
\openout4 = `main.vrb'.

 (main.vrb)
Overfull \hbox (1.05998pt too wide) has occurred while \output is active
[][][] [][]
 []


Overfull \hbox (1.05998pt too wide) has occurred while \output is active
[][][] [][]
 []


Overfull \hbox (1.05998pt too wide) has occurred while \output is active
[][][] [][]
 []


Overfull \hbox (1.05998pt too wide) has occurred while \output is active
[][][] [][]
 []

File: AAUgraphics/aau_logo_new_circle.pdf Graphic file (type pdf)
<use AAUgraphics/aau_logo_new_circle.pdf>
Package pdftex.def Info: AAUgraphics/aau_logo_new_circle.pdf used on input line
 41.
(pdftex.def)             Requested size: 40.49973pt x 41.0137pt.
 [9

]
\openout4 = `main.vrb'.

 (main.vrb
<pictures/Simon/pool_ball.jpg, id=243, 1104.125pt x 847.165pt>
File: pictures/Simon/pool_ball.jpg Graphic file (type jpg)

<use pictures/Simon/pool_ball.jpg>
Package pdftex.def Info: pictures/Simon/pool_ball.jpg used on input line 3.
(pdftex.def)             Requested size: 220.82109pt x 169.43pt.

Overfull \hbox (129.08282pt too wide) in paragraph at lines 4--4
\T1/phv/m/n/9 ps://upload.wikimedia.org/wikipedia/commons/a/a2/Russian_and_Amer
ican_pool_ball_comparison.jpg  
 []

)
Overfull \vbox (3.4763pt too high) detected at line 50
 []


Overfull \hbox (1.05998pt too wide) has occurred while \output is active
[][][] [][]
 []


Overfull \hbox (1.05998pt too wide) has occurred while \output is active
[][][] [][]
 []


Overfull \hbox (1.05998pt too wide) has occurred while \output is active
[][][] [][]
 []


Overfull \hbox (1.05998pt too wide) has occurred while \output is active
[][][] [][]
 []

File: AAUgraphics/aau_logo_new_circle.pdf Graphic file (type pdf)
<use AAUgraphics/aau_logo_new_circle.pdf>
Package pdftex.def Info: AAUgraphics/aau_logo_new_circle.pdf used on input line
 50.
(pdftex.def)             Requested size: 40.49973pt x 41.0137pt.
 [10

 <./pictures/Simon/pool_ball.jpg>]
\openout4 = `main.vrb'.

(main.vrb
<pictures/Simon/presentation_mask.pdf, id=257, 650.43pt x 417.35924pt>
File: pictures/Simon/presentation_mask.pdf Graphic file (type pdf)

<use pictures/Simon/presentation_mask.pdf>
Package pdftex.def Info: pictures/Simon/presentation_mask.pdf used on input lin
e 3.
(pdftex.def)             Requested size: 260.16739pt x 166.94072pt.
)
Overfull \hbox (1.05998pt too wide) has occurred while \output is active
[][][] [][]
 []


Overfull \hbox (1.05998pt too wide) has occurred while \output is active
[][][] [][]
 []


Overfull \hbox (1.05998pt too wide) has occurred while \output is active
[][][] [][]
 []


Overfull \hbox (1.05998pt too wide) has occurred while \output is active
[][][] [][]
 []

File: AAUgraphics/aau_logo_new_circle.pdf Graphic file (type pdf)
<use AAUgraphics/aau_logo_new_circle.pdf>
Package pdftex.def Info: AAUgraphics/aau_logo_new_circle.pdf used on input line
 57.
(pdftex.def)             Requested size: 40.49973pt x 41.0137pt.
 [11

 <./pictures/Simon/presentation_mask.pdf>]
\openout4 = `main.vrb'.

 (main.vrb
<pictures/Simon/crack_edges.pdf, id=280, 601.64778pt x 281.25076pt>
File: pictures/Simon/crack_edges.pdf Graphic file (type pdf)

<use pictures/Simon/crack_edges.pdf>
Package pdftex.def Info: pictures/Simon/crack_edges.pdf used on input line 3.
(pdftex.def)             Requested size: 270.739pt x 126.56166pt.
)
Overfull \hbox (1.05998pt too wide) has occurred while \output is active
[][][] [][]
 []


Overfull \hbox (1.05998pt too wide) has occurred while \output is active
[][][] [][]
 []


Overfull \hbox (1.05998pt too wide) has occurred while \output is active
[][][] [][]
 []


Overfull \hbox (1.05998pt too wide) has occurred while \output is active
[][][] [][]
 []

File: AAUgraphics/aau_logo_new_circle.pdf Graphic file (type pdf)
<use AAUgraphics/aau_logo_new_circle.pdf>
Package pdftex.def Info: AAUgraphics/aau_logo_new_circle.pdf used on input line
 64.
(pdftex.def)             Requested size: 40.49973pt x 41.0137pt.
 [12

 <./pictures/Simon/crack_edges.pdf>]
\openout4 = `main.vrb'.

 (main.vrb
<pictures/Simon/pool_ball_edges.jpg, id=303, 1651.88571pt x 1267.30608pt>
File: pictures/Simon/pool_ball_edges.jpg Graphic file (type jpg)

<use pictures/Simon/pool_ball_edges.jpg>
Package pdftex.def Info: pictures/Simon/pool_ball_edges.jpg used on input line 
3.
(pdftex.def)             Requested size: 165.19824pt x 126.73802pt.
)
Overfull \hbox (1.05998pt too wide) has occurred while \output is active
[][][] [][]
 []


Overfull \hbox (1.05998pt too wide) has occurred while \output is active
[][][] [][]
 []


Overfull \hbox (1.05998pt too wide) has occurred while \output is active
[][][] [][]
 []


Overfull \hbox (1.05998pt too wide) has occurred while \output is active
[][][] [][]
 []

File: AAUgraphics/aau_logo_new_circle.pdf Graphic file (type pdf)
<use AAUgraphics/aau_logo_new_circle.pdf>
Package pdftex.def Info: AAUgraphics/aau_logo_new_circle.pdf used on input line
 74.
(pdftex.def)             Requested size: 40.49973pt x 41.0137pt.
 [13

 <./pictures/Simon/pool_ball_edges.jpg>]) (slides/opencv.tex
\openout4 = `main.vrb'.

 (main.vrb (main.toc))
Overfull \hbox (1.05998pt too wide) has occurred while \output is active
[][][] [][]
 []


Overfull \hbox (1.05998pt too wide) has occurred while \output is active
[][][] [][]
 []


Overfull \hbox (1.05998pt too wide) has occurred while \output is active
[][][] [][]
 []


Overfull \hbox (1.05998pt too wide) has occurred while \output is active
[][][] [][]
 []

File: AAUgraphics/aau_logo_new_circle.pdf Graphic file (type pdf)
<use AAUgraphics/aau_logo_new_circle.pdf>
Package pdftex.def Info: AAUgraphics/aau_logo_new_circle.pdf used on input line
 5.
(pdftex.def)             Requested size: 40.49973pt x 41.0137pt.
 [14

]
\openout4 = `main.vrb'.

 (main.vrb
<pictures/messi_face.jpg, id=341, 40.15pt x 52.195pt>
File: pictures/messi_face.jpg Graphic file (type jpg)

<use pictures/messi_face.jpg>
Package pdftex.def Info: pictures/messi_face.jpg used on input line 8.
(pdftex.def)             Requested size: 40.14989pt x 52.19487pt.

<pictures/template_ccorrn_4.jpg, id=342, 451.6875pt x 204.765pt>
File: pictures/template_ccorrn_4.jpg Graphic file (type jpg)

<use pictures/template_ccorrn_4.jpg>
Package pdftex.def Info: pictures/template_ccorrn_4.jpg used on input line 11.
(pdftex.def)             Requested size: 209.12784pt x 94.80542pt.
)
Overfull \hbox (1.05998pt too wide) has occurred while \output is active
[][][] [][]
 []


Overfull \hbox (1.05998pt too wide) has occurred while \output is active
[][][] [][]
 []


Overfull \hbox (1.05998pt too wide) has occurred while \output is active
[][][] [][]
 []


Overfull \hbox (1.05998pt too wide) has occurred while \output is active
[][][] [][]
 []

File: AAUgraphics/aau_logo_new_circle.pdf Graphic file (type pdf)
<use AAUgraphics/aau_logo_new_circle.pdf>
Package pdftex.def Info: AAUgraphics/aau_logo_new_circle.pdf used on input line
 21.
(pdftex.def)             Requested size: 40.49973pt x 41.0137pt.
 [15

 <./pictures/messi_face.jpg> <./pictures/template_ccorrn_4.jpg>]
\openout4 = `main.vrb'.

 (main.vrb
<pictures/rgbtohsv.png, id=359, 1014.79124pt x 456.20438pt>
File: pictures/rgbtohsv.png Graphic file (type png)

<use pictures/rgbtohsv.png>
Package pdftex.def Info: pictures/rgbtohsv.png used on input line 7.
(pdftex.def)             Requested size: 250.9517pt x 112.81172pt.
)
Overfull \hbox (1.05998pt too wide) has occurred while \output is active
[][][] [][]
 []


Overfull \hbox (1.05998pt too wide) has occurred while \output is active
[][][] [][]
 []


Overfull \hbox (1.05998pt too wide) has occurred while \output is active
[][][] [][]
 []


Overfull \hbox (1.05998pt too wide) has occurred while \output is active
[][][] [][]
 []

File: AAUgraphics/aau_logo_new_circle.pdf Graphic file (type pdf)
<use AAUgraphics/aau_logo_new_circle.pdf>
Package pdftex.def Info: AAUgraphics/aau_logo_new_circle.pdf used on input line
 35.
(pdftex.def)             Requested size: 40.49973pt x 41.0137pt.
 [16

 <./pictures/rgbtohsv.png>]
\openout4 = `main.vrb'.


(main.vrb <pictures/rgbhsv.png, id=378, 392.96812pt x 164.11313pt>
File: pictures/rgbhsv.png Graphic file (type png)

<use pictures/rgbhsv.png>
Package pdftex.def Info: pictures/rgbhsv.png used on input line 6.
(pdftex.def)             Requested size: 250.9517pt x 104.80666pt.
)
Overfull \hbox (1.05998pt too wide) has occurred while \output is active
[][][] [][]
 []


Overfull \hbox (1.05998pt too wide) has occurred while \output is active
[][][] [][]
 []


Overfull \hbox (1.05998pt too wide) has occurred while \output is active
[][][] [][]
 []


Overfull \hbox (1.05998pt too wide) has occurred while \output is active
[][][] [][]
 []

File: AAUgraphics/aau_logo_new_circle.pdf Graphic file (type pdf)
<use AAUgraphics/aau_logo_new_circle.pdf>
Package pdftex.def Info: AAUgraphics/aau_logo_new_circle.pdf used on input line
 48.
(pdftex.def)             Requested size: 40.49973pt x 41.0137pt.
 [17

 <./pictures/rgbhsv.png>]
\openout4 = `main.vrb'.


(main.vrb <pictures/i_norm.png, id=396, 112.42pt x 150.5625pt>
File: pictures/i_norm.png Graphic file (type png)

<use pictures/i_norm.png>
Package pdftex.def Info: pictures/i_norm.png used on input line 6.
(pdftex.def)             Requested size: 58.55612pt x 78.42389pt.

<pictures/i_eroded.png, id=397, 112.42pt x 150.5625pt>
File: pictures/i_eroded.png Graphic file (type png)

<use pictures/i_eroded.png>
Package pdftex.def Info: pictures/i_eroded.png used on input line 10.
(pdftex.def)             Requested size: 58.55612pt x 78.42389pt.

<pictures/i_dilated.png, id=398, 112.42pt x 150.5625pt>
File: pictures/i_dilated.png Graphic file (type png)

<use pictures/i_dilated.png>
Package pdftex.def Info: pictures/i_dilated.png used on input line 14.
(pdftex.def)             Requested size: 58.55612pt x 78.42389pt.
)
Overfull \hbox (1.05998pt too wide) has occurred while \output is active
[][][] [][]
 []


Overfull \hbox (1.05998pt too wide) has occurred while \output is active
[][][] [][]
 []


Overfull \hbox (1.05998pt too wide) has occurred while \output is active
[][][] [][]
 []


Overfull \hbox (1.05998pt too wide) has occurred while \output is active
[][][] [][]
 []

File: AAUgraphics/aau_logo_new_circle.pdf Graphic file (type pdf)
<use AAUgraphics/aau_logo_new_circle.pdf>
Package pdftex.def Info: AAUgraphics/aau_logo_new_circle.pdf used on input line
 69.
(pdftex.def)             Requested size: 40.49973pt x 41.0137pt.
 [18

 <./pictures/i_norm.png> <./pictures/i_eroded.png> <./pictures/i_dilated.png>]
\openout4 = `main.vrb'.

 (main.vrb)
Overfull \hbox (1.05998pt too wide) has occurred while \output is active
[][][] [][]
 []


Overfull \hbox (1.05998pt too wide) has occurred while \output is active
[][][] [][]
 []


Overfull \hbox (1.05998pt too wide) has occurred while \output is active
[][][] [][]
 []


Overfull \hbox (1.05998pt too wide) has occurred while \output is active
[][][] [][]
 []

File: AAUgraphics/aau_logo_new_circle.pdf Graphic file (type pdf)
<use AAUgraphics/aau_logo_new_circle.pdf>
Package pdftex.def Info: AAUgraphics/aau_logo_new_circle.pdf used on input line
 77.
(pdftex.def)             Requested size: 40.49973pt x 41.0137pt.
 [19

]) (slides/system_op.tex
Overfull \vbox (7.69046pt too high) detected at line 1
 []

[20

]
\openout4 = `main.vrb'.

 (main.vrb)
Overfull \hbox (1.05998pt too wide) has occurred while \output is active
[][][] [][]
 []


Overfull \hbox (1.05998pt too wide) has occurred while \output is active
[][][] [][]
 []


Overfull \hbox (1.05998pt too wide) has occurred while \output is active
[][][] [][]
 []


Overfull \hbox (1.05998pt too wide) has occurred while \output is active
[][][] [][]
 []

File: AAUgraphics/aau_logo_new_circle.pdf Graphic file (type pdf)
<use AAUgraphics/aau_logo_new_circle.pdf>
Package pdftex.def Info: AAUgraphics/aau_logo_new_circle.pdf used on input line
 9.
(pdftex.def)             Requested size: 40.49973pt x 41.0137pt.
 [21

]
\openout4 = `main.vrb'.

 (main.vrb
File: pictures/opsaetning.pdf Graphic file (type pdf)

<use pictures/opsaetning.pdf>
Package pdftex.def Info: pictures/opsaetning.pdf used on input line 2.
(pdftex.def)             Requested size: 278.83713pt x 209.12733pt.
)
Overfull \hbox (1.05998pt too wide) has occurred while \output is active
[][][] [][]
 []


Overfull \hbox (1.05998pt too wide) has occurred while \output is active
[][][] [][]
 []


Overfull \hbox (1.05998pt too wide) has occurred while \output is active
[][][] [][]
 []


Overfull \hbox (1.05998pt too wide) has occurred while \output is active
[][][] [][]
 []

File: AAUgraphics/aau_logo_new_circle.pdf Graphic file (type pdf)
<use AAUgraphics/aau_logo_new_circle.pdf>
Package pdftex.def Info: AAUgraphics/aau_logo_new_circle.pdf used on input line
 13.
(pdftex.def)             Requested size: 40.49973pt x 41.0137pt.
 [22

]) (slides/rts.tex
Overfull \vbox (7.69046pt too high) detected at line 1
 []

[23

]
\openout4 = `main.vrb'.

 (main.vrb)
Overfull \hbox (1.05998pt too wide) has occurred while \output is active
[][][] [][]
 []


Overfull \hbox (1.05998pt too wide) has occurred while \output is active
[][][] [][]
 []


Overfull \hbox (1.05998pt too wide) has occurred while \output is active
[][][] [][]
 []


Overfull \hbox (1.05998pt too wide) has occurred while \output is active
[][][] [][]
 []

File: AAUgraphics/aau_logo_new_circle.pdf Graphic file (type pdf)
<use AAUgraphics/aau_logo_new_circle.pdf>
Package pdftex.def Info: AAUgraphics/aau_logo_new_circle.pdf used on input line
 10.
(pdftex.def)             Requested size: 40.49973pt x 41.0137pt.
 [24

]
\openout4 = `main.vrb'.

 (main.vrb)
Overfull \hbox (1.05998pt too wide) has occurred while \output is active
[][][] [][]
 []


Overfull \hbox (1.05998pt too wide) has occurred while \output is active
[][][] [][]
 []


Overfull \hbox (1.05998pt too wide) has occurred while \output is active
[][][] [][]
 []


Overfull \hbox (1.05998pt too wide) has occurred while \output is active
[][][] [][]
 []

File: AAUgraphics/aau_logo_new_circle.pdf Graphic file (type pdf)
<use AAUgraphics/aau_logo_new_circle.pdf>
Package pdftex.def Info: AAUgraphics/aau_logo_new_circle.pdf used on input line
 17.
(pdftex.def)             Requested size: 40.49973pt x 41.0137pt.
 [25

]
\openout4 = `main.vrb'.

 (main.vrb
<images/depend.png, id=506, 347.49825pt x 260.77425pt>
File: images/depend.png Graphic file (type png)
 <use images/depend.png>
Package pdftex.def Info: images/depend.png used on input line 8.
(pdftex.def)             Requested size: 173.74869pt x 130.3868pt.
LaTeX Font Info:    Try loading font information for T1+cmtt on input line 9.

("C:\Users\Simon\AppData\Local\Programs\MiKTeX 2.9\tex\latex\base\t1cmtt.fd"
File: t1cmtt.fd 2014/09/29 v2.5h Standard LaTeX font definitions
)
LaTeX Font Info:    Font shape `T1/phv/m/it' in size <9> not available
(Font)              Font shape `T1/phv/m/sl' tried instead on input line 9.
LaTeX Font Info:    Font shape `T1/phv/m/it' in size <6> not available
(Font)              Font shape `T1/phv/m/sl' tried instead on input line 9.
)
Overfull \hbox (1.05998pt too wide) has occurred while \output is active
[][][] [][]
 []


Overfull \hbox (1.05998pt too wide) has occurred while \output is active
[][][] [][]
 []


Overfull \hbox (1.05998pt too wide) has occurred while \output is active
[][][] [][]
 []


Overfull \hbox (1.05998pt too wide) has occurred while \output is active
[][][] [][]
 []

File: AAUgraphics/aau_logo_new_circle.pdf Graphic file (type pdf)
<use AAUgraphics/aau_logo_new_circle.pdf>
Package pdftex.def Info: AAUgraphics/aau_logo_new_circle.pdf used on input line
 29.
(pdftex.def)             Requested size: 40.49973pt x 41.0137pt.
 [26

 <./images/depend.png (PNG copy)>]
\openout4 = `main.vrb'.

(main.vrb)
Overfull \hbox (1.05998pt too wide) has occurred while \output is active
[][][] [][]
 []


Overfull \hbox (1.05998pt too wide) has occurred while \output is active
[][][] [][]
 []


Overfull \hbox (1.05998pt too wide) has occurred while \output is active
[][][] [][]
 []


Overfull \hbox (1.05998pt too wide) has occurred while \output is active
[][][] [][]
 []

File: AAUgraphics/aau_logo_new_circle.pdf Graphic file (type pdf)
<use AAUgraphics/aau_logo_new_circle.pdf>
Package pdftex.def Info: AAUgraphics/aau_logo_new_circle.pdf used on input line
 36.
(pdftex.def)             Requested size: 40.49973pt x 41.0137pt.
 [27

]
\openout4 = `main.vrb'.

 (main.vrb)
Overfull \hbox (1.05998pt too wide) has occurred while \output is active
[][][] [][]
 []


Overfull \hbox (1.05998pt too wide) has occurred while \output is active
[][][] [][]
 []


Overfull \hbox (1.05998pt too wide) has occurred while \output is active
[][][] [][]
 []


Overfull \hbox (1.05998pt too wide) has occurred while \output is active
[][][] [][]
 []

File: AAUgraphics/aau_logo_new_circle.pdf Graphic file (type pdf)
<use AAUgraphics/aau_logo_new_circle.pdf>
Package pdftex.def Info: AAUgraphics/aau_logo_new_circle.pdf used on input line
 54.
(pdftex.def)             Requested size: 40.49973pt x 41.0137pt.
 [28

]
\openout4 = `main.vrb'.

 (main.vrb)
Overfull \hbox (1.05998pt too wide) has occurred while \output is active
[][][] [][]
 []


Overfull \hbox (1.05998pt too wide) has occurred while \output is active
[][][] [][]
 []


Overfull \hbox (1.05998pt too wide) has occurred while \output is active
[][][] [][]
 []


Overfull \hbox (1.05998pt too wide) has occurred while \output is active
[][][] [][]
 []

File: AAUgraphics/aau_logo_new_circle.pdf Graphic file (type pdf)
<use AAUgraphics/aau_logo_new_circle.pdf>
Package pdftex.def Info: AAUgraphics/aau_logo_new_circle.pdf used on input line
 63.
(pdftex.def)             Requested size: 40.49973pt x 41.0137pt.
 [29

])
\tf@nav=\write6
\openout6 = `main.nav'.

\tf@toc=\write7
\openout7 = `main.toc'.

\tf@snm=\write8
\openout8 = `main.snm'.

Package atveryend Info: Empty hook `BeforeClearDocument' on input line 10.
Package atveryend Info: Empty hook `AfterLastShipout' on input line 10.
 (main.aux)
Package atveryend Info: Executing hook `AtVeryEndDocument' on input line 10.
Package atveryend Info: Executing hook `AtEndAfterFileList' on input line 10.
Package rerunfilecheck Info: File `main.out' has not changed.
(rerunfilecheck)             Checksum: 9F5EBB539297D9D8BE20A4BF25CABC57;462.
Package atveryend Info: Empty hook `AtVeryVeryEnd' on input line 10.
 ) 
Here is how much of TeX's memory you used:
 23484 strings out of 493634
 464987 string characters out of 3135239
 528572 words of memory out of 3000000
 26183 multiletter control sequences out of 15000+200000
 44748 words of font info for 66 fonts, out of 3000000 for 9000
 1025 hyphenation exceptions out of 8191
 62i,21n,71p,437b,1132s stack positions out of 5000i,500n,10000p,200000b,50000s
{C:/Users/Simon/AppData/Local/Programs/MiKTeX 2.9/fonts/enc/dvips/cm-super/cm
-super-t1.enc}{C:/Users/Simon/AppData/Local/Programs/MiKTeX 2.9/fonts/enc/dvips
/fontname/8r.enc}<C:/Users/Simon/AppData/Local/Programs/MiKTeX 2.9/fonts/type1/
public/amsfonts/symbols/msam5.pfb><C:/Users/Simon/AppData/Local/Programs/MiKTeX
 2.9/fonts/type1/public/amsfonts/symbols/msam7.pfb><C:/Users/Simon/AppData/Loca
l/Programs/MiKTeX 2.9/fonts/type1/public/cm-super/sftt0900.pfb><C:/Users/Simon/
AppData/Local/Programs/MiKTeX 2.9/fonts/type1/urw/helvetic/uhvr8a.pfb>
Output written on main.pdf (29 pages, 2515498 bytes).
PDF statistics:
 604 PDF objects out of 1000 (max. 8388607)
 67 named destinations out of 1000 (max. 500000)
 187 words of extra memory for PDF output out of 10000 (max. 10000000)

